;OV Intertank Cavity Time (sec.), "h" (btu/hr-ft^2-F) & Q (btu/hr)
#I=0,873.3,1; C:\0_afc_work\OV_Intertank_Reentry_Venting_Analysis_using_VISSIM\VISSIM\OV_Intertank_Reentry_Venting_Analysis_c1d3b_oin.vsm C:\0_afc_work\OV_Intertank_Reentry_Venting_Analysis_using_VISSIM\VISSIM\OV_Intertank_Reentry_Venting_Analysis_c1d3b_oin.vsm @ Mon Oct 29 12:45:29 2018
0	0.00885636	515	399989	0
1	0.00429922	515	399449	0
2	0.00208701	515	398909	0
3	0.00101311	515	398369	0
4	0.000591915	515.046	397829	0.0510614
5	0.000595759	515.042	397289	0.0465645
6	0.000599645	515.042	396749	0.0473278
7	0.00060357	515.043	396209	0.0481059
8	0.000607533	515.043	395669	0.048899
9	0.000611535	515.043	395129	0.0497076
10	0.000615577	515.044	394589	0.0505319
11	0.000619658	515.044	394049	0.0513724
12	0.000623781	515.045	393509	0.0522293
13	0.000627944	515.045	392969	0.0531031
14	0.00063215	515.046	392429	0.0539942
15	0.000636397	515.046	391889	0.0549028
16	0.000640687	515.047	391349	0.0558295
17	0.000645021	515.047	390809	0.0567746
18	0.000649398	515.047	390269	0.0577385
19	0.000653819	515.048	389729	0.0587217
20	0.000658286	515.048	389189	0.0597246
21	0.000662798	515.049	388649	0.0607476
22	0.000667356	515.049	388109	0.0617913
23	0.000671961	515.05	387569	0.0628561
24	0.000676613	515.05	387029	0.0639424
25	0.000681314	515.051	386489	0.0650509
26	0.000686062	515.052	385949	0.0661819
27	0.00069086	515.052	385409	0.0673361
28	0.000695708	515.053	384869	0.0685139
29	0.000700606	515.053	384329	0.0697159
30	0.000705556	515.054	383789	0.0709427
31	0.000710557	515.054	383248	0.0721948
32	0.000715611	515.055	382708	0.0734729
33	0.000720718	515.055	382168	0.0747776
34	0.000725879	515.056	381628	0.0761094
35	0.000731095	515.057	381088	0.0774691
36	0.000736366	515.057	380548	0.0788573
37	0.000741693	515.058	380008	0.0802747
38	0.000747077	515.058	379468	0.081722
39	0.000752519	515.059	378928	0.0831999
40	0.000758019	515.06	378388	0.0847091
41	0.000763579	515.06	377848	0.0862504
42	0.000769198	515.061	377308	0.0878245
43	0.000774879	515.062	376768	0.0894324
44	0.000780621	515.062	376228	0.0910747
45	0.000786425	515.063	375688	0.0927524
46	0.000792293	515.064	375148	0.0944662
47	0.000798226	515.064	374608	0.0962171
48	0.000804223	515.065	374068	0.098006
49	0.000810287	515.066	373528	0.0998339
50	0.000816417	515.067	372988	0.101702
51	0.000822616	515.067	372448	0.10361
52	0.000828883	515.068	371908	0.105561
53	0.00083522	515.069	371368	0.107554
54	0.000841628	515.07	370828	0.109592
55	0.000848108	515.07	370288	0.111674
56	0.00085466	515.071	369748	0.113803
57	0.000861286	515.072	369208	0.115979
58	0.000867988	515.073	368668	0.118204
59	0.000874765	515.074	368128	0.120479
60	0.000881619	515.074	367588	0.122805
61	0.000888552	515.075	367048	0.125183
62	0.000895563	515.076	366508	0.127615
63	0.000902655	515.077	365968	0.130102
64	0.000909829	515.078	365428	0.132646
65	0.000917085	515.079	364888	0.135248
66	0.000924426	515.08	364348	0.137909
67	0.000931851	515.081	363808	0.140631
68	0.000939363	515.082	363268	0.143416
69	0.000946962	515.083	362728	0.146266
70	0.000954651	515.083	362188	0.149181
71	0.00096243	515.084	361648	0.152164
72	0.0009703	515.085	361108	0.155216
73	0.000980334	515.124	360568	0.226953
74	0.000991871	515.125	360028	0.23276
75	0.00100357	515.127	359488	0.238726
76	0.00101542	515.129	358948	0.244856
77	0.00102744	515.131	358408	0.251156
78	0.00103962	515.132	357868	0.25763
79	0.00105197	515.134	357328	0.264283
80	0.00106449	515.136	356788	0.271121
81	0.00111379	515.56	354688	1.1685
82	0.00116685	515.596	352589	1.30248
83	0.00122285	515.635	350489	1.45277
84	0.001282	515.676	348390	1.62147
85	0.00134447	515.72	346290	1.811
86	0.0014105	515.767	344191	2.02405
87	0.00148031	515.817	342091	2.26375
88	0.00155415	515.871	339992	2.53361
89	0.00163228	515.929	337892	2.83767
90	0.00171498	515.991	335793	3.18054
91	0.00180257	516.057	333694	3.56745
92	0.00189537	516.129	331594	4.00441
93	0.00199373	516.205	329495	4.4983
94	0.00209803	516.288	327395	5.05698
95	0.00220868	516.376	325296	5.68946
96	0.00232612	516.471	323196	6.40609
97	0.00245082	516.573	321097	7.21876
98	0.0025833	516.683	318997	8.14109
99	0.0027241	516.802	316898	9.18879
100	0.00287381	516.929	314798	10.3799
101	0.00298643	516.41	313779	7.88112
102	0.00309994	516.469	312760	8.52258
103	0.00321733	516.53	311741	9.21589
104	0.00333875	516.594	310721	9.96521
105	0.00346436	516.661	309702	10.7751
106	0.00359433	516.732	308683	11.6505
107	0.00372881	516.805	307663	12.5969
108	0.003868	516.881	306644	13.6199
109	0.00401206	516.961	305625	14.7259
110	0.0041612	517.044	304606	15.9218
111	0.00431561	517.131	303586	17.2149
112	0.0044755	517.222	302567	18.6133
113	0.00464109	517.317	301548	20.1256
114	0.00481259	517.416	300528	21.7613
115	0.00499025	517.519	299509	23.5307
116	0.0051743	517.627	298490	25.4447
117	0.005365	517.74	297471	27.5156
118	0.00556262	517.858	296451	29.7562
119	0.00576742	517.981	295432	32.1809
120	0.00597971	518.109	294413	34.805
121	0.00615307	517.483	293418	28.6035
122	0.00632674	517.578	292424	30.532
123	0.00650603	517.68	291429	32.637
124	0.00669118	517.786	290435	34.8936
125	0.00688241	517.896	289440	37.3132
126	0.00707992	518.011	288446	39.9081
127	0.00728397	518.131	287451	42.6914
128	0.00749478	518.256	286457	45.6776
129	0.00771262	518.386	285462	48.882
130	0.00793774	518.521	284468	52.3212
131	0.00817042	518.662	283473	56.0133
132	0.00841094	518.809	282479	59.9778
133	0.00864867	518.665	281484	59.3343
134	0.00888359	518.753	280490	62.4114
135	0.00912393	518.866	279495	66.0222
136	0.00936997	518.982	278501	69.8371
137	0.00962184	519.101	277506	73.8574
138	0.00987967	519.223	276512	78.0932
139	0.0101436	519.348	275517	82.5551
140	0.0104136	519.476	274522	87.2543
141	0.0105721	517.359	274036	46.6731
142	0.0107097	517.298	273549	46.0586
143	0.0108478	517.334	273062	47.3887
144	0.0109874	517.375	272575	48.852
145	0.0111286	517.418	272088	50.3616
146	0.0112715	517.461	271601	51.9139
147	0.0114159	517.504	271115	53.5099
148	0.011562	517.549	270628	55.1507
149	0.0117097	517.593	270141	56.8373
150	0.011859	517.639	269654	58.5711
151	0.0120101	517.685	269167	60.3531
152	0.0121628	517.732	268680	62.1847
153	0.0123173	517.779	268193	64.067
154	0.0124735	517.827	267707	66.0014
155	0.0126314	517.876	267220	67.9892
156	0.0127911	517.925	266733	70.0317
157	0.0129525	517.975	266246	72.1303
158	0.0131158	518.026	265759	74.2863
159	0.0132809	518.078	265272	76.5013
160	0.0134477	518.13	264785	78.7768
161	0.0135487	516.716	264545	43.4994
162	0.0136329	516.582	264304	40.3617
163	0.0137158	516.584	264064	40.6624
164	0.013799	516.601	263823	41.3437
165	0.0138825	516.62	263582	42.0768
166	0.0139665	516.639	263342	42.8255
167	0.014051	516.658	263101	43.586
168	0.0141359	516.677	262860	44.3579
169	0.0142212	516.696	262620	45.1413
170	0.014307	516.716	262379	45.9363
171	0.0143932	516.736	262138	46.7432
172	0.0144799	516.755	261898	47.5621
173	0.0145671	516.775	261657	48.3931
174	0.0146547	516.796	261416	49.2364
175	0.0147428	516.816	261176	50.0921
176	0.0148313	516.836	260935	50.9604
177	0.0149203	516.857	260694	51.8415
178	0.0150098	516.878	260454	52.7355
179	0.0150997	516.899	260213	53.6426
180	0.0151902	516.92	259972	54.563
181	0.0152806	516.93	259733	55.1733
182	0.0153713	516.949	259494	56.0672
183	0.0154625	516.971	259255	57.017
184	0.0155542	516.992	259016	57.9873
185	0.0156464	517.014	258777	58.9728
186	0.015739	517.036	258538	59.9727
187	0.0158321	517.059	258299	60.987
188	0.0159257	517.081	258060	62.016
189	0.0160197	517.104	257821	63.0598
190	0.0161143	517.127	257582	64.1185
191	0.0162094	517.149	257343	65.1924
192	0.0163049	517.173	257104	66.2817
193	0.0164009	517.196	256865	67.3866
194	0.0164974	517.219	256626	68.5072
195	0.0165945	517.243	256387	69.6437
196	0.016692	517.267	256148	70.7964
197	0.01679	517.291	255909	71.9655
198	0.0168885	517.315	255670	73.1511
199	0.0169876	517.339	255431	74.3534
200	0.0170871	517.364	255192	75.5728
201	0.0172595	519.357	254719	140.724
202	0.0174592	519.84	254246	158.162
203	0.0176665	520.008	253772	165.578
204	0.017877	520.109	253299	170.931
205	0.0180901	520.196	252826	175.925
206	0.0183054	520.281	252353	180.937
207	0.018523	520.367	251879	186.053
208	0.0187429	520.453	251406	191.294
209	0.0189651	520.541	250933	196.669
210	0.0191896	520.63	250460	202.181
211	0.0194164	520.72	249986	207.833
212	0.0196456	520.811	249513	213.631
213	0.0198771	520.903	249040	219.575
214	0.0201111	520.996	248567	225.671
215	0.0203475	521.09	248093	231.921
216	0.0205863	521.186	247620	238.33
217	0.0208276	521.283	247147	244.9
218	0.0210713	521.381	246673	251.635
219	0.0213176	521.481	246200	258.54
220	0.0215664	521.581	245727	265.618
221	0.0218049	521.322	245259	257.955
222	0.0220404	521.311	244792	260.309
223	0.0222764	521.38	244324	265.942
224	0.0225141	521.474	243857	272.736
225	0.0227537	521.577	243389	280.027
226	0.0229954	521.683	242921	287.601
227	0.0232393	521.793	242454	295.394
228	0.0234855	521.903	241986	303.384
229	0.0237338	522.015	241519	311.569
230	0.0239844	522.129	241051	319.949
231	0.0242372	522.244	240584	328.528
232	0.0244924	522.36	240116	337.308
233	0.0247498	522.477	239648	346.296
234	0.0250095	522.596	239181	355.494
235	0.0252715	522.716	238713	364.907
236	0.0255359	522.838	238246	374.539
237	0.0258027	522.961	237778	384.395
238	0.0260718	523.086	237310	394.479
239	0.0263433	523.212	236843	404.797
240	0.0266172	523.339	236375	415.352
241	0.0268913	523.385	235912	421.931
242	0.0271667	523.466	235448	430.345
243	0.0274442	523.564	234985	439.778
244	0.0277237	523.667	234521	449.621
245	0.0280055	523.774	234058	459.757
246	0.0282896	523.882	233594	470.136
247	0.0285759	523.991	233130	480.741
248	0.0288646	524.102	232667	491.565
249	0.0291556	524.213	232203	502.607
250	0.0294489	524.326	231740	513.869
251	0.0297445	524.44	231276	525.354
252	0.0300426	524.554	230813	537.065
253	0.030343	524.67	230349	549.007
254	0.0306457	524.787	229886	561.183
255	0.0309509	524.905	229422	573.596
256	0.0312585	525.024	228959	586.251
257	0.0315686	525.144	228495	599.152
258	0.0318811	525.265	228032	612.303
259	0.032196	525.387	227568	625.708
260	0.0325134	525.511	227104	639.372
261	0.032747	522.865	226873	481.774
262	0.0329403	521.53	226642	402.296
263	0.0331134	520.862	226411	362.999
264	0.0332764	520.535	226180	344.409
265	0.0334343	520.384	225949	336.579
266	0.0335898	520.324	225718	334.385
267	0.0337443	520.312	225487	335.168
268	0.0338986	520.326	225256	337.541
269	0.0340529	520.353	225025	340.777
270	0.0342076	520.386	224794	344.491
271	0.0343626	520.424	224563	348.482
272	0.0345182	520.464	224332	352.642
273	0.0346742	520.506	224101	356.912
274	0.0348307	520.548	223870	361.262
275	0.0349877	520.59	223639	365.676
276	0.0351453	520.633	223408	370.144
277	0.0353034	520.677	223177	374.663
278	0.035462	520.72	222946	379.23
279	0.0356212	520.764	222715	383.843
280	0.0357809	520.808	222483	388.503
281	0.0359374	520.724	222252	384.567
282	0.0360926	520.693	222021	384.094
283	0.0362472	520.691	221790	385.601
284	0.0364018	520.705	221559	388.244
285	0.0365564	520.73	221327	391.551
286	0.0367114	520.76	221096	395.251
287	0.0368667	520.792	220865	399.191
288	0.0370224	520.827	220634	403.286
289	0.0371785	520.863	220402	407.486
290	0.0373351	520.9	220171	411.761
291	0.0374921	520.937	219940	416.096
292	0.0376496	520.975	219709	420.481
293	0.0378075	521.013	219478	424.911
294	0.0379659	521.05	219246	429.383
295	0.0381248	521.089	219015	433.896
296	0.0382841	521.127	218784	438.448
297	0.0384439	521.165	218553	443.039
298	0.0386042	521.204	218321	447.668
299	0.0387649	521.243	218090	452.337
300	0.0389261	521.282	217859	457.045
301	0.0390938	521.535	217627	477.521
302	0.0392651	521.707	217395	492.292
303	0.0394388	521.831	217163	503.62
304	0.0396143	521.926	216931	512.88
305	0.039791	522.003	216699	520.905
306	0.0399687	522.07	216467	528.198
307	0.0401473	522.13	216235	535.064
308	0.0403266	522.186	216002	541.692
309	0.0405067	522.24	215770	548.195
310	0.0406874	522.293	215538	554.643
311	0.0408688	522.345	215306	561.08
312	0.0410508	522.396	215074	567.532
313	0.0412334	522.448	214842	574.018
314	0.0414167	522.499	214610	580.547
315	0.0416006	522.551	214378	587.126
316	0.0417851	522.602	214146	593.76
317	0.0419702	522.654	213914	600.452
318	0.042156	522.706	213682	607.204
319	0.0423424	522.758	213450	614.017
320	0.0425294	522.811	213218	620.892
321	0.0427086	522.56	212984	603.458
322	0.0428841	522.413	212750	594.11
323	0.0430573	522.333	212516	590.011
324	0.0432292	522.295	212282	589.318
325	0.0434003	522.285	212048	590.847
326	0.0435712	522.293	211814	593.836
327	0.0437421	522.313	211580	597.79
328	0.043913	522.341	211346	602.391
329	0.0440841	522.374	211112	607.429
330	0.0442556	522.41	210878	612.77
331	0.0444274	522.448	210644	618.325
332	0.0445995	522.488	210410	624.035
333	0.044772	522.529	210177	629.864
334	0.0449449	522.571	209943	635.785
335	0.0451182	522.613	209709	641.782
336	0.045292	522.655	209475	647.846
337	0.0454661	522.698	209241	653.968
338	0.0456407	522.741	209007	660.143
339	0.0458157	522.784	208773	666.369
340	0.0459911	522.828	208539	672.645
341	0.0461635	522.742	208302	667.755
342	0.0463345	522.695	208065	666.082
343	0.0465048	522.673	207828	666.614
344	0.0466746	522.668	207592	668.653
345	0.0468443	522.676	207355	671.73
346	0.0470139	522.692	207118	675.525
347	0.0471836	522.713	206881	679.82
348	0.0473534	522.738	206644	684.467
349	0.0475234	522.765	206407	689.365
350	0.0476937	522.795	206170	694.446
351	0.0478643	522.825	205934	699.661
352	0.0480351	522.857	205697	704.977
353	0.0482062	522.889	205460	710.374
354	0.0483777	522.922	205223	715.834
355	0.0485494	522.954	204986	721.348
356	0.0487214	522.987	204749	726.907
357	0.0488938	523.021	204513	732.507
358	0.0490664	523.054	204276	738.145
359	0.0492394	523.088	204039	743.817
360	0.0494126	523.121	203802	749.523
361	0.0495866	523.171	203561	756.766
362	0.0497612	523.216	203321	763.629
363	0.0499361	523.258	203080	770.23
364	0.0501115	523.298	202839	776.654
365	0.0502873	523.336	202598	782.962
366	0.0504634	523.373	202358	789.195
367	0.0506398	523.41	202117	795.384
368	0.0508166	523.446	201876	801.549
369	0.0509937	523.481	201636	807.707
370	0.0511711	523.516	201395	813.866
371	0.0513488	523.551	201154	820.035
372	0.0515268	523.586	200914	826.22
373	0.0517051	523.621	200673	832.423
374	0.0518837	523.655	200432	838.648
375	0.0520626	523.69	200191	844.896
376	0.0522418	523.725	199951	851.17
377	0.0524212	523.759	199710	857.469
378	0.052601	523.794	199469	863.795
379	0.052781	523.828	199229	870.148
380	0.0529613	523.863	198988	876.528
381	0.0532373	527.486	198491	1242.19
382	0.0535623	530.177	197993	1519.49
383	0.0539238	532.182	197496	1732.09
384	0.0543124	533.689	196999	1897.75
385	0.0547214	534.835	196502	2029.4
386	0.0551461	535.72	196004	2136.44
387	0.0555829	536.415	195507	2225.7
388	0.0560293	536.974	195010	2302.13
389	0.0564834	537.434	194513	2369.33
390	0.0569439	537.821	194015	2429.92
391	0.0574099	538.157	193518	2485.8
392	0.0578807	538.454	193021	2538.36
393	0.0583557	538.724	192524	2588.62
394	0.0588346	538.974	192026	2637.33
395	0.0593171	539.21	191529	2685.04
396	0.059803	539.435	191032	2732.17
397	0.0602921	539.653	190535	2779
398	0.0607844	539.865	190038	2825.77
399	0.0612798	540.073	189540	2872.64
400	0.0617783	540.279	189043	2919.75
401	0.0622783	540.426	188523	2960.36
402	0.0627806	540.577	188004	3001.98
403	0.0632853	540.733	187484	3044.48
404	0.0637925	540.892	186964	3087.78
405	0.0643022	541.054	186445	3131.81
406	0.0648144	541.217	185925	3176.5
407	0.0653292	541.382	185405	3221.84
408	0.0658466	541.549	184886	3267.78
409	0.0663665	541.716	184366	3314.31
410	0.0668891	541.885	183846	3361.4
411	0.0673079	538.416	183579	2945.29
412	0.0676805	535.718	183312	2619.66
413	0.0680173	533.615	183045	2364.94
414	0.0683262	531.972	182778	2165.38
415	0.0686132	530.683	182511	2008.9
416	0.068883	529.671	182244	1886.19
417	0.0691392	528.874	181977	1790.03
418	0.0693846	528.246	181710	1714.79
419	0.0696216	527.751	181442	1656.06
420	0.0698519	527.36	181175	1610.4
421	0.0700736	526.943	180903	1560.71
422	0.0702895	526.611	180630	1521.8
423	0.0705009	526.347	180358	1491.42
424	0.0707085	526.136	180086	1467.86
425	0.0709131	525.968	179813	1449.74
426	0.0711153	525.833	179541	1435.94
427	0.0713155	525.726	179268	1425.58
428	0.071514	525.639	178996	1417.96
429	0.0717111	525.57	178723	1412.53
430	0.0719072	525.514	178451	1408.84
431	0.0720328	523.117	178340	1088.02
432	0.0721245	521.202	178230	830.768
433	0.0721799	519.828	178119	645.782
434	0.0722136	518.766	178009	502.474
435	0.0722308	517.936	177898	390.349
436	0.0722352	517.283	177788	302.076
437	0.0722296	516.767	177677	232.242
438	0.0722161	516.357	177566	176.752
439	0.0721964	516.03	177456	132.47
440	0.0721715	515.767	177345	96.9713
441	0.0721766	516.522	177121	198.91
442	0.0721927	517.103	176897	277.544
443	0.0722173	517.549	176673	337.877
444	0.0722484	517.887	176449	383.795
445	0.0722843	518.142	176225	418.399
446	0.0723238	518.33	176001	444.149
447	0.0723658	518.468	175777	462.985
448	0.0724096	518.565	175553	476.431
449	0.0724545	518.631	175329	485.678
450	0.0725001	518.673	175104	491.655
451	0.0724954	517.299	174991	305.209
452	0.0724706	516.208	174877	157.083
453	0.0724299	515.334	174764	38.4238
454	0.0723765	514.629	174650	-57.0989
455	0.072313	514.058	174536	-134.361
456	0.0722413	513.593	174423	-197.157
457	0.0721628	513.211	174309	-248.463
458	0.0720789	512.897	174196	-290.624
459	0.0719905	512.635	174082	-325.495
460	0.0718984	512.416	173968	-354.549
461	0.0718078	512.378	173854	-359.179
462	0.0717167	512.339	173739	-363.98
463	0.0716249	512.299	173624	-368.911
464	0.0715325	512.257	173510	-373.945
465	0.0714395	512.215	173395	-379.057
466	0.0713458	512.173	173280	-384.228
467	0.0712514	512.13	173166	-389.445
468	0.0711563	512.086	173051	-394.694
469	0.0710605	512.043	172936	-399.965
470	0.0709641	511.999	172822	-405.252
471	0.0711881	521.751	172706	893.02
472	0.0715328	529.384	172590	1919.45
473	0.0719714	535.302	172474	2728.58
474	0.0724817	539.83	172358	3362.17
475	0.0730455	543.242	172243	3854.81
476	0.0736484	545.769	172127	4234.77
477	0.0742791	547.595	172011	4524.88
478	0.0749286	548.872	171895	4743.43
479	0.07559	549.719	171780	4904.98
480	0.0762577	550.23	171664	5021.12
481	0.076688	542.76	171488	3976.8
482	0.0770202	536.737	171312	3125.55
483	0.0772737	531.857	171135	2429.85
484	0.0774632	527.876	170959	1858.42
485	0.0776004	524.614	170783	1387.86
486	0.0776904	521.996	170607	1008.63
487	0.0777364	519.956	170431	712.327
488	0.0777518	518.31	170255	472.939
489	0.0777428	516.972	170078	278.093
490	0.0777141	515.877	169902	118.606
491	0.0778439	519.722	169291	679.114
492	0.0780216	522.903	168680	1145.34
493	0.0782291	525.728	168069	1562.02
494	0.0784674	528.055	167457	1908.52
495	0.0787315	530.019	166846	2204.3
496	0.0790164	531.686	166235	2458.79
497	0.079318	533.111	165623	2679.63
498	0.0796331	534.337	165012	2873.01
499	0.0799591	535.401	164401	3043.93
500	0.0802937	536.332	163790	3196.46
501	0.080623	536.696	163139	3264.39
502	0.0809525	537.019	162488	3326.61
503	0.0812817	537.308	161837	3384.01
504	0.0816102	537.568	161186	3437.22
505	0.0819376	537.802	160535	3486.76
506	0.0822636	538.013	159884	3533.02
507	0.082588	538.204	159233	3576.35
508	0.0829105	538.376	158582	3616.99
509	0.0832309	538.532	157931	3655.17
510	0.0835491	538.673	157280	3691.03
511	0.0837227	533.056	156940	2818.2
512	0.0838346	528.192	156599	2058.57
513	0.083893	523.963	156259	1395.7
514	0.0838902	520.415	155919	838.542
515	0.0838346	517.491	155578	379.025
516	0.0837387	515.025	155238	-8.05004
517	0.0836088	512.891	154897	-341.979
518	0.0834501	511.048	154557	-629.257
519	0.0832668	509.443	154217	-877.966
520	0.083062	508.036	153876	-1094.59
521	0.0830576	513.45	153527	-252.704
522	0.083119	517.638	153179	398.803
523	0.0832212	520.951	152830	915.405
524	0.0833545	523.498	152481	1314.23
525	0.0835106	525.382	152132	1611.15
526	0.0836819	526.696	151783	1820.22
527	0.0838622	527.522	151435	1953.81
528	0.084046	527.934	151086	2022.74
529	0.0842284	527.993	150737	2036.38
530	0.0844053	527.754	150388	2002.86
531	0.084402	521.526	150032	1018.73
532	0.0843122	516.316	149676	195.208
533	0.084153	511.885	149319	-503.106
534	0.0839355	508.085	148963	-1098.84
535	0.0836683	504.802	148607	-1609.5
536	0.0833588	501.944	148250	-2049.45
537	0.0830135	499.4	147894	-2436.3
538	0.0826365	497.182	147538	-2768.19
539	0.0822275	495.266	147181	-3049.29
540	0.0817907	493.605	146825	-3287.42
541	0.0811642	487.092	146462	-4251.57
542	0.0804528	481.698	146099	-5026.65
543	0.0796719	477.241	145736	-5642.36
544	0.0788341	473.578	145373	-6123.44
545	0.0779507	470.596	145010	-6489.71
546	0.0770313	468.205	144647	-6757.67
547	0.0760842	466.332	144284	-6941.16
548	0.0751171	464.915	143921	-7051.92
549	0.0741365	463.904	143558	-7099.96
550	0.0731484	463.256	143195	-7093.84
551	0.07234	469.051	142826	-6230.53
552	0.0716118	473.959	142457	-5509.65
553	0.0709512	478.088	142088	-4910.25
554	0.0703474	481.545	141719	-4413.15
555	0.0697911	484.426	141350	-4001.71
556	0.0692745	486.822	140982	-3661.19
557	0.0687909	488.814	140613	-3378.98
558	0.0683351	490.473	140244	-3144.37
559	0.0679026	491.858	139875	-2948.31
560	0.0674897	493.022	139506	-2783.25
561	0.0672986	500.338	138754	-1853.54
562	0.0672165	506.193	138003	-1114.48
563	0.0672163	510.95	137251	-515.872
564	0.0672865	514.741	136499	-38.9828
565	0.0674261	517.565	135747	317.398
566	0.0676206	519.656	134995	583.008
567	0.0678589	521.193	134244	780.322
568	0.0681324	522.316	133492	926.685
569	0.0684351	523.133	132740	1035.35
570	0.0687625	523.724	131988	1116.38
571	0.0692373	526.624	131223	1499.99
572	0.0697733	528.445	130458	1749.35
573	0.0703517	529.479	129693	1899.94
574	0.0709595	529.95	128928	1978.94
575	0.0715871	530.024	128164	2006.31
576	0.0722281	529.82	127399	1996.64
577	0.0728779	529.426	126634	1960.66
578	0.0735338	528.903	125869	1906.33
579	0.0741939	528.3	125104	1839.63
580	0.0748575	527.651	124339	1765.01
581	0.0758617	531.722	121337	2366.81
582	0.0769217	533.621	118336	2673.22
583	0.0779668	533.926	115335	2753.92
584	0.0789394	533.029	112333	2655.67
585	0.0797864	531.151	109332	2403.58
586	0.0804532	528.386	106330	2007.26
587	0.0808741	524.667	103329	1454.52
588	0.0810099	519.108	100327	613.896
589	0.0808527	510.621	97325.9	-671.849
590	0.0803047	498.689	94324.4	-2460.93
591	0.079297	482.089	91322.9	-4894.05
592	0.0776767	459.382	88321.5	-8095.78
593	0.0752676	427.947	85320	-12273.6
594	0.0717931	383.145	82318.6	-17727.8
595	0.0809579	542.81	80977.4	4207.37
596	0.0984266	628.867	80347.7	20971
597	0.114838	644.867	79718.1	27906.1
598	0.129667	641.556	79088.4	30704.3
599	0.143014	632.565	78458.8	31455.5
600	0.155054	622.072	77829.1	31056
601	0.165948	611.499	77199.5	29951.3
602	0.175822	601.355	76569.8	28392.1
603	0.184777	591.812	75940.2	26535.1
604	0.192893	582.919	75310.5	24487.2
605	0.199467	573.586	74723.8	21834.8
606	0.205182	565.704	74155.4	19431.1
607	0.210502	559.408	73587	17452.5
608	0.21549	554.252	73018.7	15784.5
609	0.220194	549.934	72450.3	14347.7
610	0.224649	546.247	71881.9	13086.2
611	0.228882	543.046	71313.5	11959.9
612	0.232915	540.226	70745.1	10940
613	0.236767	537.712	70176.8	10005.6
614	0.240454	535.448	69608.4	9141.42
615	0.243811	533.29	69024.5	8283.17
616	0.247023	531.52	68434	7572.89
617	0.250204	530.122	67843.5	7014.75
618	0.253372	529.007	67253	6574.03
619	0.256542	528.109	66662.5	6224.08
620	0.259725	527.376	66071.9	5944.24
621	0.262932	526.77	65481.4	5718.87
622	0.266165	526.259	64890.9	5533.65
623	0.269431	525.82	64300.4	5379.51
624	0.272736	525.436	63709.9	5248.86
625	0.27653	525.371	63078.6	5287.54
626	0.280581	525.42	62429.8	5390.24
627	0.284696	525.457	61781	5488.53
628	0.288878	525.485	61132.2	5583.38
629	0.293126	525.504	60483.4	5675.5
630	0.29744	525.517	59834.6	5765.46
631	0.301823	525.524	59185.9	5853.68
632	0.306274	525.527	58537.1	5940.45
633	0.310795	525.524	57888.3	6026.03
634	0.315386	525.518	57239.5	6110.56
635	0.320169	525.562	56572.9	6228.62
636	0.325084	525.619	55898.6	6357.81
637	0.33008	525.665	55224.3	6483.41
638	0.335159	525.703	54550	6606.23
639	0.340321	525.735	53875.7	6726.92
640	0.345568	525.76	53201.4	6845.97
641	0.350901	525.78	52527.1	6963.76
642	0.356321	525.796	51852.9	7080.6
643	0.36183	525.807	51178.6	7196.7
644	0.367428	525.815	50504.3	7312.22
645	0.373007	525.784	49843.9	7400.62
646	0.378624	525.743	49189.5	7481.81
647	0.384327	525.707	48535	7567.49
648	0.390118	525.675	47880.6	7656.83
649	0.395999	525.646	47226.1	7749.13
650	0.401972	525.618	46571.7	7843.81
651	0.408038	525.591	45917.2	7940.37
652	0.4142	525.565	45262.8	8038.39
653	0.42046	525.539	44608.4	8137.5
654	0.426818	525.511	43953.9	8237.38
655	0.432993	525.419	43331.8	8280.05
656	0.439128	525.314	42723.5	8309.45
657	0.445347	525.224	42115.3	8350.86
658	0.451653	525.147	41507	8402.31
659	0.458046	525.08	40898.7	8462.19
660	0.464531	525.022	40290.5	8529.1
661	0.471108	524.969	39682.2	8601.89
662	0.47778	524.922	39073.9	8679.57
663	0.484548	524.878	38465.7	8761.31
664	0.491415	524.838	37857.4	8846.36
665	0.497906	524.726	37294.1	8857.46
666	0.504254	524.627	36750.1	8874.25
667	0.510665	524.571	36206.1	8931.93
668	0.517131	524.551	35662.1	9023.61
669	0.523634	524.558	35118.1	9141.88
670	0.530176	524.588	34574.1	9283.89
671	0.536761	524.638	34030.2	9447.18
672	0.543387	524.705	33486.2	9629.65
673	0.550058	524.787	32942.2	9829.57
674	0.556773	524.881	32398.2	10045.5
675	0.563075	524.908	31894.6	10185.6
676	0.569202	524.937	31408.4	10324.4
677	0.575352	525	30922.2	10501.8
678	0.581527	525.094	30435.9	10713.9
679	0.587729	525.214	29949.7	10957.7
680	0.593959	525.358	29463.5	11230.4
681	0.600219	525.521	28977.3	11529.6
682	0.60651	525.703	28491.1	11853.4
683	0.612833	525.9	28004.8	12200.1
684	0.619189	526.111	27518.6	12568.2
685	0.625267	526.268	27061.1	12871.8
686	0.631234	526.414	26615.9	13162.8
687	0.637227	526.576	26170.7	13477.2
688	0.643245	526.752	25725.5	13813.4
689	0.649291	526.942	25280.2	14170
690	0.655363	527.144	24835	14545.8
691	0.661464	527.356	24389.8	14939.9
692	0.667594	527.578	23944.6	15351.3
693	0.673753	527.808	23499.4	15779.1
694	0.679941	528.047	23054.2	16222.9
695	0.685202	528.065	22686.3	16366.9
696	0.690052	528.012	22351.5	16409.2
697	0.694906	527.987	22016.7	16486.8
698	0.699766	527.986	21681.9	16596.8
699	0.704631	528.009	21347.2	16736.5
700	0.709504	528.051	21012.4	16903.6
701	0.714386	528.112	20677.6	17095.8
702	0.719278	528.189	20342.9	17311.3
703	0.724181	528.281	20008.1	17548.4
704	0.729095	528.386	19673.3	17805.7
705	0.732196	528.023	19391.7	17377.6
706	0.734538	527.514	19132.9	16728.8
707	0.736913	527.073	18874.1	16168.3
708	0.739326	526.692	18615.2	15689.4
709	0.74178	526.368	18356.4	15286.3
710	0.744278	526.096	18097.6	14953.4
711	0.746822	525.871	17838.7	14685.6
712	0.749416	525.69	17579.9	14478.5
713	0.752061	525.55	17321.1	14327.8
714	0.754759	525.448	17062.2	14229.8
715	0.758295	525.609	16828.2	14521
716	0.762186	525.861	16604.8	14949.3
717	0.766084	526.097	16381.4	15359.2
718	0.769988	526.319	16158	15752.5
719	0.773898	526.528	15934.5	16130.4
720	0.777812	526.726	15711.1	16494.4
721	0.78173	526.913	15487.7	16845.5
722	0.785651	527.09	15264.3	17184.9
723	0.789575	527.259	15040.9	17513.5
724	0.7935	527.419	14817.5	17832.3
725	0.797171	527.497	14600.7	18024.9
726	0.800736	527.545	14386.8	18172.1
727	0.804306	527.598	14172.9	18326.4
728	0.80788	527.655	13959	18487.5
729	0.811459	527.716	13745.1	18655
730	0.815044	527.78	13531.2	18828.5
731	0.818633	527.847	13317.3	19007.6
732	0.822228	527.917	13103.4	19192.1
733	0.825829	527.99	12889.5	19381.6
734	0.829435	528.065	12675.6	19576
735	0.832979	528.122	12466.8	19741.4
736	0.836499	528.173	12260.2	19897.8
737	0.840023	528.227	12053.6	20059.5
738	0.843552	528.284	11847	20226.2
739	0.847086	528.343	11640.4	20397.8
740	0.850625	528.405	11433.8	20573.9
741	0.854169	528.469	11227.2	20754.3
742	0.857718	528.535	11020.6	20938.9
743	0.861273	528.603	10814	21127.3
744	0.864833	528.673	10607.4	21319.6
745	0.86841	528.747	10407.6	21519.5
746	0.871993	528.817	10210.7	21714.8
747	0.875575	528.882	10013.8	21902.7
748	0.879157	528.943	9816.95	22083.4
749	0.882737	528.999	9620.09	22257.4
750	0.886316	529.051	9423.22	22425.2
751	0.889893	529.099	9226.35	22587.1
752	0.893467	529.143	9029.48	22743.4
753	0.897039	529.184	8832.61	22894.4
754	0.900608	529.222	8635.74	23040.5
755	0.903164	528.962	8508.56	22657.1
756	0.905269	528.595	8411.25	22079.2
757	0.907353	528.25	8313.93	21535.9
758	0.909418	527.926	8216.62	21025.1
759	0.911465	527.622	8119.31	20544.6
760	0.913495	527.335	8022	20092.5
761	0.915509	527.066	7924.68	19666.9
762	0.917507	526.812	7827.37	19266.1
763	0.919492	526.573	7730.06	18888.6
764	0.921462	526.347	7632.74	18532.7
765	0.922778	525.97	7579.53	17899.2
766	0.923799	525.543	7545.21	17174.7
767	0.924799	525.139	7510.89	16487.6
768	0.925778	524.757	7476.57	15835.3
769	0.926739	524.394	7442.25	15215.7
770	0.927681	524.049	7407.93	14626.6
771	0.928607	523.722	7373.61	14066.2
772	0.929516	523.41	7339.29	13532.5
773	0.93041	523.114	7304.97	13023.9
774	0.93129	522.831	7270.65	12538.9
775	0.932031	522.532	7244.18	12022.2
776	0.932702	522.238	7221.07	11512.9
777	0.933359	521.962	7197.96	11033.8
778	0.934001	521.703	7174.86	10583.2
779	0.934629	521.459	7151.75	10159.2
780	0.935245	521.229	7128.65	9760.32
781	0.935849	521.014	7105.54	9385.02
782	0.936442	520.811	7082.43	9031.87
783	0.937024	520.62	7059.33	8699.55
784	0.937596	520.441	7036.22	8386.81
785	0.938158	520.273	7013.17	8092.24
786	0.938711	520.114	6990.13	7815.21
787	0.939256	519.965	6967.1	7554.84
788	0.939793	519.825	6944.07	7310.13
789	0.940322	519.694	6921.03	7080.16
790	0.940844	519.571	6898	6864.05
791	0.94136	519.455	6874.97	6660.97
792	0.94187	519.346	6851.94	6470.17
793	0.942373	519.244	6828.9	6290.91
794	0.942872	519.148	6805.87	6122.51
795	0.943364	519.058	6782.92	5963.83
796	0.943851	518.973	6760	5814.64
797	0.944333	518.894	6737.08	5674.6
798	0.94481	518.819	6714.16	5543.18
799	0.945284	518.749	6691.24	5419.87
800	0.945754	518.683	6668.32	5304.2
801	0.946221	518.622	6645.4	5195.72
802	0.946684	518.564	6622.48	5094.01
803	0.947143	518.51	6599.56	4998.68
804	0.9476	518.46	6576.64	4909.36
805	0.948053	518.412	6553.79	4825.19
806	0.948503	518.367	6530.97	4746.13
807	0.948951	518.325	6508.15	4672.06
808	0.949396	518.286	6485.33	4602.69
809	0.949839	518.25	6462.51	4537.76
810	0.95028	518.215	6439.69	4477
811	0.95072	518.183	6416.87	4420.18
812	0.951157	518.153	6394.05	4367.07
813	0.951593	518.125	6371.23	4317.44
814	0.952027	518.099	6348.42	4271.11
815	0.952459	518.075	6325.6	4227.9
816	0.952891	518.052	6302.78	4187.66
817	0.95332	518.031	6279.96	4150.24
818	0.953749	518.012	6257.14	4115.46
819	0.954177	517.993	6234.32	4083.18
820	0.954603	517.977	6211.5	4053.24
821	0.955028	517.961	6188.68	4025.52
822	0.955453	517.947	6165.86	3999.89
823	0.955876	517.933	6143.04	3976.23
824	0.956299	517.921	6120.22	3954.42
825	0.95672	517.909	6097.47	3933.88
826	0.957139	517.899	6074.75	3914.8
827	0.957558	517.889	6052.03	3897.32
828	0.957976	517.88	6029.31	3881.34
829	0.958394	517.872	6006.59	3866.77
830	0.958811	517.864	5983.87	3853.53
831	0.959227	517.858	5961.15	3841.55
832	0.959643	517.852	5938.43	3830.75
833	0.960059	517.846	5915.71	3821.07
834	0.960474	517.841	5893	3812.44
835	0.960888	517.837	5870.35	3804.31
836	0.961301	517.833	5847.73	3796.88
837	0.961713	517.829	5825.11	3790.32
838	0.962126	517.826	5802.49	3784.57
839	0.962538	517.823	5779.87	3779.59
840	0.962949	517.821	5757.25	3775.33
841	0.963361	517.819	5734.63	3771.76
842	0.963772	517.817	5712.01	3768.83
843	0.964183	517.816	5689.39	3766.5
844	0.964594	517.815	5666.77	3764.75
845	0.964997	517.812	5644.64	3760.13
846	0.965398	517.809	5622.72	3754.82
847	0.965797	517.807	5600.81	3750.31
848	0.966197	517.805	5578.89	3746.54
849	0.966596	517.803	5556.97	3743.47
850	0.966995	517.802	5535.06	3741.06
851	0.967394	517.801	5513.14	3739.28
852	0.967793	517.8	5491.23	3738.09
853	0.968191	517.8	5469.31	3737.46
854	0.968589	517.8	5447.39	3737.35
855	0.968785	517.746	5439.39	3639.66
856	0.96889	517.674	5437.35	3506.8
857	0.968991	517.605	5435.31	3381.45
858	0.969089	517.54	5433.27	3263.19
859	0.969183	517.48	5431.23	3151.63
860	0.969274	517.422	5429.19	3046.39
861	0.969361	517.368	5427.15	2947.13
862	0.969446	517.317	5425.1	2853.52
863	0.969529	517.269	5423.06	2765.24
864	0.969608	517.223	5421.02	2681.99
865	0.969685	517.181	5418.98	2603.52
866	0.96976	517.14	5416.94	2529.65
867	0.969833	517.103	5414.9	2460.12
868	0.969903	517.067	5412.86	2394.69
869	0.969972	517.034	5410.82	2333.14
870	0.970038	517.002	5408.78	2275.25
871	0.970103	516.973	5406.74	2220.82
872	0.970166	516.945	5404.69	2169.65
873	0.970228	516.919	5402.65	2121.57
873.3	0.970246	516.911	5402.04	2107.73
