;OV Intertank Orifice Flow Mdot (lbm/s)
#I=0,873.3,1; C:\0_afc_work\OV_Intertank_Reentry_Venting_Analysis_using_VISSIM\VISSIM\OV_Intertank_Reentry_Venting_Analysis_c1d3b_oin.vsm C:\0_afc_work\OV_Intertank_Reentry_Venting_Analysis_using_VISSIM\VISSIM\OV_Intertank_Reentry_Venting_Analysis_c1d3b_oin.vsm @ Mon Oct 29 12:44:35 2018
0	-0.0035987	0	0	0	0	0	0	0	0	0	0
1	-0.00084803	0	0	0	0	0	0	0	0	0	0
2	-0.00019984	0	0	0	0	0	0	0	0	0	0
3	-4.7092e-005	0	0	0	0	0	0	0	0	0	0
4	-1.9432e-008	0	0	0	0	0	0	0	0	0	0
5	1.4628e-007	0	0	0	0	0	0	0	0	0	0
6	1.4868e-007	0	0	0	0	0	0	0	0	0	0
7	1.5112e-007	0	0	0	0	0	0	0	0	0	0
8	1.5361e-007	0	0	0	0	0	0	0	0	0	0
9	1.5615e-007	0	0	0	0	0	0	0	0	0	0
10	1.5874e-007	0	0	0	0	0	0	0	0	0	0
11	1.6138e-007	0	0	0	0	0	0	0	0	0	0
12	1.6408e-007	0	0	0	0	0	0	0	0	0	0
13	1.6682e-007	0	0	0	0	0	0	0	0	0	0
14	1.6962e-007	0	0	0	0	0	0	0	0	0	0
15	1.7248e-007	0	0	0	0	0	0	0	0	0	0
16	1.7539e-007	0	0	0	0	0	0	0	0	0	0
17	1.7836e-007	0	0	0	0	0	0	0	0	0	0
18	1.8139e-007	0	0	0	0	0	0	0	0	0	0
19	1.8447e-007	0	0	0	0	0	0	0	0	0	0
20	1.8763e-007	0	0	0	0	0	0	0	0	0	0
21	1.9084e-007	0	0	0	0	0	0	0	0	0	0
22	1.9412e-007	0	0	0	0	0	0	0	0	0	0
23	1.9746e-007	0	0	0	0	0	0	0	0	0	0
24	2.0088e-007	0	0	0	0	0	0	0	0	0	0
25	2.0436e-007	0	0	0	0	0	0	0	0	0	0
26	2.0791e-007	0	0	0	0	0	0	0	0	0	0
27	2.1154e-007	0	0	0	0	0	0	0	0	0	0
28	2.1524e-007	0	0	0	0	0	0	0	0	0	0
29	2.1902e-007	0	0	0	0	0	0	0	0	0	0
30	2.2287e-007	0	0	0	0	0	0	0	0	0	0
31	2.2681e-007	0	0	0	0	0	0	0	0	0	0
32	2.3082e-007	0	0	0	0	0	0	0	0	0	0
33	2.3492e-007	0	0	0	0	0	0	0	0	0	0
34	2.3911e-007	0	0	0	0	0	0	0	0	0	0
35	2.4338e-007	0	0	0	0	0	0	0	0	0	0
36	2.4774e-007	0	0	0	0	0	0	0	0	0	0
37	2.5219e-007	0	0	0	0	0	0	0	0	0	0
38	2.5674e-007	0	0	0	0	0	0	0	0	0	0
39	2.6139e-007	0	0	0	0	0	0	0	0	0	0
40	2.6613e-007	0	0	0	0	0	0	0	0	0	0
41	2.7097e-007	0	0	0	0	0	0	0	0	0	0
42	2.7592e-007	0	0	0	0	0	0	0	0	0	0
43	2.8097e-007	0	0	0	0	0	0	0	0	0	0
44	2.8613e-007	0	0	0	0	0	0	0	0	0	0
45	2.914e-007	0	0	0	0	0	0	0	0	0	0
46	2.9679e-007	0	0	0	0	0	0	0	0	0	0
47	3.0229e-007	0	0	0	0	0	0	0	0	0	0
48	3.0791e-007	0	0	0	0	0	0	0	0	0	0
49	3.1365e-007	0	0	0	0	0	0	0	0	0	0
50	3.1952e-007	0	0	0	0	0	0	0	0	0	0
51	3.2552e-007	0	0	0	0	0	0	0	0	0	0
52	3.3165e-007	0	0	0	0	0	0	0	0	0	0
53	3.3791e-007	0	0	0	0	0	0	0	0	0	0
54	3.4432e-007	0	0	0	0	0	0	0	0	0	0
55	3.5086e-007	0	0	0	0	0	0	0	0	0	0
56	3.5755e-007	0	0	0	0	0	0	0	0	0	0
57	3.6439e-007	0	0	0	0	0	0	0	0	0	0
58	3.7138e-007	0	0	0	0	0	0	0	0	0	0
59	3.7853e-007	0	0	0	0	0	0	0	0	0	0
60	3.8584e-007	0	0	0	0	0	0	0	0	0	0
61	3.9331e-007	0	0	0	0	0	0	0	0	0	0
62	4.0096e-007	0	0	0	0	0	0	0	0	0	0
63	4.0877e-007	0	0	0	0	0	0	0	0	0	0
64	4.1677e-007	0	0	0	0	0	0	0	0	0	0
65	4.2494e-007	0	0	0	0	0	0	0	0	0	0
66	4.3331e-007	0	0	0	0	0	0	0	0	0	0
67	4.4186e-007	0	0	0	0	0	0	0	0	0	0
68	4.5061e-007	0	0	0	0	0	0	0	0	0	0
69	4.5957e-007	0	0	0	0	0	0	0	0	0	0
70	4.6873e-007	0	0	0	0	0	0	0	0	0	0
71	4.7811e-007	0	0	0	0	0	0	0	0	0	0
72	4.877e-007	0	0	0	0	0	0	0	0	0	0
73	7.1322e-007	0	0	0	0	0	0	0	0	0	0
74	7.3147e-007	0	0	0	0	0	0	0	0	0	0
75	7.5023e-007	0	0	0	0	0	0	0	0	0	0
76	7.695e-007	0	0	0	0	0	0	0	0	0	0
77	7.893e-007	0	0	0	0	0	0	0	0	0	0
78	8.0966e-007	0	0	0	0	0	0	0	0	0	0
79	8.3057e-007	0	0	0	0	0	0	0	0	0	0
80	8.5207e-007	0	0	0	0	0	0	0	0	0	0
81	3.6522e-006	0	0	0	0	0	0	0	0	0	0
82	4.0381e-006	0	0	0	0	0	0	0	0	0	0
83	4.468e-006	0	0	0	0	0	0	0	0	0	0
84	4.9474e-006	0	0	0	0	0	0	0	0	0	0
85	5.4823e-006	0	0	0	0	0	0	0	0	0	0
86	6.0797e-006	0	0	0	0	0	0	0	0	0	0
87	6.7474e-006	0	0	0	0	0	0	0	0	0	0
88	7.4943e-006	0	0	0	0	0	0	0	0	0	0
89	8.3304e-006	0	0	0	0	0	0	0	0	0	0
90	9.2672e-006	0	0	0	0	0	0	0	0	0	0
91	1.0318e-005	0	0	0	0	0	0	0	0	0	0
92	1.1497e-005	0	0	0	0	0	0	0	0	0	0
93	1.2821e-005	0	0	0	0	0	0	0	0	0	0
94	1.431e-005	0	0	0	0	0	0	0	0	0	0
95	1.5986e-005	0	0	0	0	0	0	0	0	0	0
96	1.7874e-005	0	0	0	0	0	0	0	0	0	0
97	2.0001e-005	0	0	0	0	0	0	0	0	0	0
98	2.2402e-005	0	0	0	0	0	0	0	0	0	0
99	2.5114e-005	0	0	0	0	0	0	0	0	0	0
100	2.818e-005	0	0	0	0	0	0	0	0	0	0
101	2.1169e-005	0	0	0	0	0	0	0	0	0	0
102	2.2724e-005	0	0	0	0	0	0	0	0	0	0
103	2.4393e-005	0	0	0	0	0	0	0	0	0	0
104	2.6185e-005	0	0	0	0	0	0	0	0	0	0
105	2.811e-005	0	0	0	0	0	0	0	0	0	0
106	3.0178e-005	0	0	0	0	0	0	0	0	0	0
107	3.2399e-005	0	0	0	0	0	0	0	0	0	0
108	3.4785e-005	0	0	0	0	0	0	0	0	0	0
109	3.7349e-005	0	0	0	0	0	0	0	0	0	0
110	4.0105e-005	0	0	0	0	0	0	0	0	0	0
111	4.3067e-005	0	0	0	0	0	0	0	0	0	0
112	4.6251e-005	0	0	0	0	0	0	0	0	0	0
113	4.9674e-005	0	0	0	0	0	0	0	0	0	0
114	5.3355e-005	0	0	0	0	0	0	0	0	0	0
115	5.7314e-005	0	0	0	0	0	0	0	0	0	0
116	6.1573e-005	0	0	0	0	0	0	0	0	0	0
117	6.6155e-005	0	0	0	0	0	0	0	0	0	0
118	7.1084e-005	0	0	0	0	0	0	0	0	0	0
119	7.639e-005	0	0	0	0	0	0	0	0	0	0
120	8.21e-005	0	0	0	0	0	0	0	0	0	0
121	6.6824e-005	0	0	0	0	0	0	0	0	0	0
122	7.091e-005	0	0	0	0	0	0	0	0	0	0
123	7.5297e-005	0	0	0	0	0	0	0	0	0	0
124	7.9976e-005	0	0	0	0	0	0	0	0	0	0
125	8.4965e-005	0	0	0	0	0	0	0	0	0	0
126	9.0289e-005	0	0	0	0	0	0	0	0	0	0
127	9.5969e-005	0	0	0	0	0	0	0	0	0	0
128	0.00010203	0	0	0	0	0	0	0	0	0	0
129	0.0001085	0	0	0	0	0	0	0	0	0	0
130	0.00011542	0	0	0	0	0	0	0	0	0	0
131	0.0001228	0	0	0	0	0	0	0	0	0	0
132	0.00013069	0	0	0	0	0	0	0	0	0	0
133	0.00012782	0	0	0	0	0	0	0	0	0	0
134	0.00013406	0	0	0	0	0	0	0	0	0	0
135	0.00014096	0	0	0	0	0	0	0	0	0	0
136	0.0001482	0	0	0	0	0	0	0	0	0	0
137	0.00015579	0	0	0	0	0	0	0	0	0	0
138	0.00016374	0	0	0	0	0	0	0	0	0	0
139	0.00017207	0	0	0	0	0	0	0	0	0	0
140	0.00018079	0	0	0	0	0	0	0	0	0	0
141	9.3031e-005	0	0	0	0	0	0	0	0	0	0
142	9.347e-005	0	0	0	0	0	0	0	0	0	0
143	9.5679e-005	0	0	0	0	0	0	0	0	0	0
144	9.8008e-005	0	0	0	0	0	0	0	0	0	0
145	0.00010039	0	0	0	0	0	0	0	0	0	0
146	0.00010283	0	0	0	0	0	0	0	0	0	0
147	0.00010533	0	0	0	0	0	0	0	0	0	0
148	0.00010788	0	0	0	0	0	0	0	0	0	0
149	0.00011049	0	0	0	0	0	0	0	0	0	0
150	0.00011316	0	0	0	0	0	0	0	0	0	0
151	0.00011589	0	0	0	0	0	0	0	0	0	0
152	0.00011868	0	0	0	0	0	0	0	0	0	0
153	0.00012153	0	0	0	0	0	0	0	0	0	0
154	0.00012445	0	0	0	0	0	0	0	0	0	0
155	0.00012743	0	0	0	0	0	0	0	0	0	0
156	0.00013048	0	0	0	0	0	0	0	0	0	0
157	0.00013359	0	0	0	0	0	0	0	0	0	0
158	0.00013678	0	0	0	0	0	0	0	0	0	0
159	0.00014004	0	0	0	0	0	0	0	0	0	0
160	0.00014337	0	0	0	0	0	0	0	0	0	0
161	7.4309e-005	0	0	0	0	0	0	0	0	0	0
162	7.1741e-005	0	0	0	0	0	0	0	0	0	0
163	7.2243e-005	0	0	0	0	0	0	0	0	0	0
164	7.3037e-005	0	0	0	0	0	0	0	0	0	0
165	7.3867e-005	0	0	0	0	0	0	0	0	0	0
166	7.4708e-005	0	0	0	0	0	0	0	0	0	0
167	7.5558e-005	0	0	0	0	0	0	0	0	0	0
168	7.6418e-005	0	0	0	0	0	0	0	0	0	0
169	7.7286e-005	0	0	0	0	0	0	0	0	0	0
170	7.8164e-005	0	0	0	0	0	0	0	0	0	0
171	7.9051e-005	0	0	0	0	0	0	0	0	0	0
172	7.9947e-005	0	0	0	0	0	0	0	0	0	0
173	8.0853e-005	0	0	0	0	0	0	0	0	0	0
174	8.1769e-005	0	0	0	0	0	0	0	0	0	0
175	8.2694e-005	0	0	0	0	0	0	0	0	0	0
176	8.3629e-005	0	0	0	0	0	0	0	0	0	0
177	8.4574e-005	0	0	0	0	0	0	0	0	0	0
178	8.5528e-005	0	0	0	0	0	0	0	0	0	0
179	8.6493e-005	0	0	0	0	0	0	0	0	0	0
180	8.7468e-005	0	0	0	0	0	0	0	0	0	0
181	8.788e-005	0	0	0	0	0	0	0	0	0	0
182	8.8819e-005	0	0	0	0	0	0	0	0	0	0
183	8.9805e-005	0	0	0	0	0	0	0	0	0	0
184	9.0806e-005	0	0	0	0	0	0	0	0	0	0
185	9.1818e-005	0	0	0	0	0	0	0	0	0	0
186	9.2841e-005	0	0	0	0	0	0	0	0	0	0
187	9.3874e-005	0	0	0	0	0	0	0	0	0	0
188	9.4919e-005	0	0	0	0	0	0	0	0	0	0
189	9.5974e-005	0	0	0	0	0	0	0	0	0	0
190	9.704e-005	0	0	0	0	0	0	0	0	0	0
191	9.8117e-005	0	0	0	0	0	0	0	0	0	0
192	9.9205e-005	0	0	0	0	0	0	0	0	0	0
193	0.0001003	0	0	0	0	0	0	0	0	0	0
194	0.00010142	0	0	0	0	0	0	0	0	0	0
195	0.00010254	0	0	0	0	0	0	0	0	0	0
196	0.00010367	0	0	0	0	0	0	0	0	0	0
197	0.00010482	0	0	0	0	0	0	0	0	0	0
198	0.00010597	0	0	0	0	0	0	0	0	0	0
199	0.00010714	0	0	0	0	0	0	0	0	0	0
200	0.00010832	0	0	0	0	0	0	0	0	0	0
201	0.00021216	0	0	0	0	0	0	0	0	0	0
202	0.00022778	0	0	0	0	0	0	0	0	0	0
203	0.00023504	0	0	0	0	0	0	0	0	0	0
204	0.00024077	0	0	0	0	0	0	0	0	0	0
205	0.00024629	0	0	0	0	0	0	0	0	0	0
206	0.00025185	0	0	0	0	0	0	0	0	0	0
207	0.00025752	0	0	0	0	0	0	0	0	0	0
208	0.0002633	0	0	0	0	0	0	0	0	0	0
209	0.00026921	0	0	0	0	0	0	0	0	0	0
210	0.00027523	0	0	0	0	0	0	0	0	0	0
211	0.00028139	0	0	0	0	0	0	0	0	0	0
212	0.00028767	0	0	0	0	0	0	0	0	0	0
213	0.00029408	0	0	0	0	0	0	0	0	0	0
214	0.00030062	0	0	0	0	0	0	0	0	0	0
215	0.0003073	0	0	0	0	0	0	0	0	0	0
216	0.00031412	0	0	0	0	0	0	0	0	0	0
217	0.00032108	0	0	0	0	0	0	0	0	0	0
218	0.00032819	0	0	0	0	0	0	0	0	0	0
219	0.00033544	0	0	0	0	0	0	0	0	0	0
220	0.00034284	0	0	0	0	0	0	0	0	0	0
221	0.00032682	0	0	0	0	0	0	0	0	0	0
222	0.00032965	0	0	0	0	0	0	0	0	0	0
223	0.00033512	0	0	0	0	0	0	0	0	0	0
224	0.00034146	0	0	0	0	0	0	0	0	0	0
225	0.00034814	0	0	0	0	0	0	0	0	0	0
226	0.00035501	0	0	0	0	0	0	0	0	0	0
227	0.00036202	0	0	0	0	0	0	0	0	0	0
228	0.00036917	0	0	0	0	0	0	0	0	0	0
229	0.00037645	0	0	0	0	0	0	0	0	0	0
230	0.00038387	0	0	0	0	0	0	0	0	0	0
231	0.00039141	0	0	0	0	0	0	0	0	0	0
232	0.0003991	0	0	0	0	0	0	0	0	0	0
233	0.00040692	0	0	0	0	0	0	0	0	0	0
234	0.00041488	0	0	0	0	0	0	0	0	0	0
235	0.00042298	0	0	0	0	0	0	0	0	0	0
236	0.00043123	0	0	0	0	0	0	0	0	0	0
237	0.00043963	0	0	0	0	0	0	0	0	0	0
238	0.00044817	0	0	0	0	0	0	0	0	0	0
239	0.00045687	0	0	0	0	0	0	0	0	0	0
240	0.00046572	0	0	0	0	0	0	0	0	0	0
241	0.00046961	0	0	0	0	0	0	0	0	0	0
242	0.00047744	0	0	0	0	0	0	0	0	0	0
243	0.00048599	0	0	0	0	0	0	0	0	0	0
244	0.00049483	0	0	0	0	0	0	0	0	0	0
245	0.00050388	0	0	0	0	0	0	0	0	0	0
246	0.0005131	0	0	0	0	0	0	0	0	0	0
247	0.00052248	0	0	0	0	0	0	0	0	0	0
248	0.00053202	0	0	0	0	0	0	0	0	0	0
249	0.00054171	0	0	0	0	0	0	0	0	0	0
250	0.00055156	0	0	0	0	0	0	0	0	0	0
251	0.00056156	0	0	0	0	0	0	0	0	0	0
252	0.00057173	0	0	0	0	0	0	0	0	0	0
253	0.00058205	0	0	0	0	0	0	0	0	0	0
254	0.00059254	0	0	0	0	0	0	0	0	0	0
255	0.0006032	0	0	0	0	0	0	0	0	0	0
256	0.00061403	0	0	0	0	0	0	0	0	0	0
257	0.00062502	0	0	0	0	0	0	0	0	0	0
258	0.00063619	0	0	0	0	0	0	0	0	0	0
259	0.00064753	0	0	0	0	0	0	0	0	0	0
260	0.00065905	0	0	0	0	0	0	0	0	0	0
261	0.00042991	0	0	0	0	0	0	0	0	0	0
262	0.00037375	0	0	0	0	0	0	0	0	0	0
263	0.00034725	0	0	0	0	0	0	0	0	0	0
264	0.00033533	0	0	0	0	0	0	0	0	0	0
265	0.00033064	0	0	0	0	0	0	0	0	0	0
266	0.00032956	0	0	0	0	0	0	0	0	0	0
267	0.00033031	0	0	0	0	0	0	0	0	0	0
268	0.00033199	0	0	0	0	0	0	0	0	0	0
269	0.00033414	0	0	0	0	0	0	0	0	0	0
270	0.00033655	0	0	0	0	0	0	0	0	0	0
271	0.00033909	0	0	0	0	0	0	0	0	0	0
272	0.00034172	0	0	0	0	0	0	0	0	0	0
273	0.0003444	0	0	0	0	0	0	0	0	0	0
274	0.00034711	0	0	0	0	0	0	0	0	0	0
275	0.00034984	0	0	0	0	0	0	0	0	0	0
276	0.0003526	0	0	0	0	0	0	0	0	0	0
277	0.00035538	0	0	0	0	0	0	0	0	0	0
278	0.00035818	0	0	0	0	0	0	0	0	0	0
279	0.000361	0	0	0	0	0	0	0	0	0	0
280	0.00036384	0	0	0	0	0	0	0	0	0	0
281	0.00035542	0	0	0	0	0	0	0	0	0	0
282	0.00035494	0	0	0	0	0	0	0	0	0	0
283	0.00035584	0	0	0	0	0	0	0	0	0	0
284	0.0003575	0	0	0	0	0	0	0	0	0	0
285	0.00035958	0	0	0	0	0	0	0	0	0	0
286	0.0003619	0	0	0	0	0	0	0	0	0	0
287	0.00036435	0	0	0	0	0	0	0	0	0	0
288	0.00036689	0	0	0	0	0	0	0	0	0	0
289	0.00036948	0	0	0	0	0	0	0	0	0	0
290	0.00037211	0	0	0	0	0	0	0	0	0	0
291	0.00037476	0	0	0	0	0	0	0	0	0	0
292	0.00037744	0	0	0	0	0	0	0	0	0	0
293	0.00038013	0	0	0	0	0	0	0	0	0	0
294	0.00038285	0	0	0	0	0	0	0	0	0	0
295	0.00038558	0	0	0	0	0	0	0	0	0	0
296	0.00038832	0	0	0	0	0	0	0	0	0	0
297	0.00039108	0	0	0	0	0	0	0	0	0	0
298	0.00039386	0	0	0	0	0	0	0	0	0	0
299	0.00039665	0	0	0	0	0	0	0	0	0	0
300	0.00039946	0	0	0	0	0	0	0	0	0	0
301	0.00042243	0	0	0	0	0	0	0	0	0	0
302	0.00043164	0	0	0	0	0	0	0	0	0	0
303	0.00043851	0	0	0	0	0	0	0	0	0	0
304	0.00044403	0	0	0	0	0	0	0	0	0	0
305	0.00044876	0	0	0	0	0	0	0	0	0	0
306	0.00045303	0	0	0	0	0	0	0	0	0	0
307	0.00045704	0	0	0	0	0	0	0	0	0	0
308	0.00046091	0	0	0	0	0	0	0	0	0	0
309	0.0004647	0	0	0	0	0	0	0	0	0	0
310	0.00046846	0	0	0	0	0	0	0	0	0	0
311	0.0004722	0	0	0	0	0	0	0	0	0	0
312	0.00047595	0	0	0	0	0	0	0	0	0	0
313	0.00047971	0	0	0	0	0	0	0	0	0	0
314	0.00048349	0	0	0	0	0	0	0	0	0	0
315	0.00048729	0	0	0	0	0	0	0	0	0	0
316	0.0004911	0	0	0	0	0	0	0	0	0	0
317	0.00049495	0	0	0	0	0	0	0	0	0	0
318	0.00049881	0	0	0	0	0	0	0	0	0	0
319	0.00050271	0	0	0	0	0	0	0	0	0	0
320	0.00050662	0	0	0	0	0	0	0	0	0	0
321	0.00048011	0	0	0	0	0	0	0	0	0	0
322	0.00047396	0	0	0	0	0	0	0	0	0	0
323	0.00047119	0	0	0	0	0	0	0	0	0	0
324	0.00047054	0	0	0	0	0	0	0	0	0	0
325	0.00047123	0	0	0	0	0	0	0	0	0	0
326	0.00047277	0	0	0	0	0	0	0	0	0	0
327	0.00047486	0	0	0	0	0	0	0	0	0	0
328	0.00047729	0	0	0	0	0	0	0	0	0	0
329	0.00047994	0	0	0	0	0	0	0	0	0	0
330	0.00048275	0	0	0	0	0	0	0	0	0	0
331	0.00048566	0	0	0	0	0	0	0	0	0	0
332	0.00048864	0	0	0	0	0	0	0	0	0	0
333	0.00049166	0	0	0	0	0	0	0	0	0	0
334	0.00049473	0	0	0	0	0	0	0	0	0	0
335	0.00049782	0	0	0	0	0	0	0	0	0	0
336	0.00050094	0	0	0	0	0	0	0	0	0	0
337	0.00050408	0	0	0	0	0	0	0	0	0	0
338	0.00050723	0	0	0	0	0	0	0	0	0	0
339	0.0005104	0	0	0	0	0	0	0	0	0	0
340	0.00051359	0	0	0	0	0	0	0	0	0	0
341	0.00050349	0	0	0	0	0	0	0	0	0	0
342	0.00050221	0	0	0	0	0	0	0	0	0	0
343	0.00050228	0	0	0	0	0	0	0	0	0	0
344	0.00050325	0	0	0	0	0	0	0	0	0	0
345	0.00050483	0	0	0	0	0	0	0	0	0	0
346	0.00050681	0	0	0	0	0	0	0	0	0	0
347	0.00050906	0	0	0	0	0	0	0	0	0	0
348	0.00051149	0	0	0	0	0	0	0	0	0	0
349	0.00051405	0	0	0	0	0	0	0	0	0	0
350	0.0005167	0	0	0	0	0	0	0	0	0	0
351	0.00051941	0	0	0	0	0	0	0	0	0	0
352	0.00052216	0	0	0	0	0	0	0	0	0	0
353	0.00052494	0	0	0	0	0	0	0	0	0	0
354	0.00052775	0	0	0	0	0	0	0	0	0	0
355	0.00053057	0	0	0	0	0	0	0	0	0	0
356	0.00053342	0	0	0	0	0	0	0	0	0	0
357	0.00053627	0	0	0	0	0	0	0	0	0	0
358	0.00053914	0	0	0	0	0	0	0	0	0	0
359	0.00054201	0	0	0	0	0	0	0	0	0	0
360	0.0005449	0	0	0	0	0	0	0	0	0	0
361	0.00054954	0	0	0	0	0	0	0	0	0	0
362	0.00055302	0	0	0	0	0	0	0	0	0	0
363	0.00055633	0	0	0	0	0	0	0	0	0	0
364	0.00055953	0	0	0	0	0	0	0	0	0	0
365	0.00056265	0	0	0	0	0	0	0	0	0	0
366	0.00056572	0	0	0	0	0	0	0	0	0	0
367	0.00056876	0	0	0	0	0	0	0	0	0	0
368	0.00057177	0	0	0	0	0	0	0	0	0	0
369	0.00057478	0	0	0	0	0	0	0	0	0	0
370	0.00057777	0	0	0	0	0	0	0	0	0	0
371	0.00058076	0	0	0	0	0	0	0	0	0	0
372	0.00058375	0	0	0	0	0	0	0	0	0	0
373	0.00058675	0	0	0	0	0	0	0	0	0	0
374	0.00058974	0	0	0	0	0	0	0	0	0	0
375	0.00059274	0	0	0	0	0	0	0	0	0	0
376	0.00059575	0	0	0	0	0	0	0	0	0	0
377	0.00059876	0	0	0	0	0	0	0	0	0	0
378	0.00060177	0	0	0	0	0	0	0	0	0	0
379	0.00060479	0	0	0	0	0	0	0	0	0	0
380	0.00060782	0	0	0	0	0	0	0	0	0	0
381	0.0010361	0	0	0	0	0	0	0	0	0	0
382	0.0011906	0	0	0	0	0	0	0	0	0	0
383	0.0013074	0	0	0	0	0	0	0	0	0	0
384	0.0013976	0	0	0	0	0	0	0	0	0	0
385	0.0014688	0	0	0	0	0	0	0	0	0	0
386	0.0015267	0	0	0	0	0	0	0	0	0	0
387	0.001575	0	0	0	0	0	0	0	0	0	0
388	0.0016167	0	0	0	0	0	0	0	0	0	0
389	0.0016536	0	0	0	0	0	0	0	0	0	0
390	0.0016872	0	0	0	0	0	0	0	0	0	0
391	0.0017186	0	0	0	0	0	0	0	0	0	0
392	0.0017483	0	0	0	0	0	0	0	0	0	0
393	0.001777	0	0	0	0	0	0	0	0	0	0
394	0.001805	0	0	0	0	0	0	0	0	0	0
395	0.0018326	0	0	0	0	0	0	0	0	0	0
396	0.00186	0	0	0	0	0	0	0	0	0	0
397	0.0018873	0	0	0	0	0	0	0	0	0	0
398	0.0019145	0	0	0	0	0	0	0	0	0	0
399	0.0019419	0	0	0	0	0	0	0	0	0	0
400	0.0019694	0	0	0	0	0	0	0	0	0	0
401	0.0019899	0	0	0	0	0	0	0	0	0	0
402	0.0020153	0	0	0	0	0	0	0	0	0	0
403	0.0020413	0	0	0	0	0	0	0	0	0	0
404	0.0020677	0	0	0	0	0	0	0	0	0	0
405	0.0020945	0	0	0	0	0	0	0	0	0	0
406	0.0021217	0	0	0	0	0	0	0	0	0	0
407	0.0021492	0	0	0	0	0	0	0	0	0	0
408	0.0021771	0	0	0	0	0	0	0	0	0	0
409	0.0022053	0	0	0	0	0	0	0	0	0	0
410	0.0022337	0	0	0	0	0	0	0	0	0	0
411	0.0016779	0	0	0	0	0	0	0	0	0	0
412	0.0015053	0	0	0	0	0	0	0	0	0	0
413	0.0013723	0	0	0	0	0	0	0	0	0	0
414	0.0012697	0	0	0	0	0	0	0	0	0	0
415	0.0011905	0	0	0	0	0	0	0	0	0	0
416	0.0011293	0	0	0	0	0	0	0	0	0	0
417	0.0010821	0	0	0	0	0	0	0	0	0	0
418	0.0010457	0	0	0	0	0	0	0	0	0	0
419	0.0010178	0	0	0	0	0	0	0	0	0	0
420	0.00099636	0	0	0	0	0	0	0	0	0	0
421	0.00096182	0	0	0	0	0	0	0	0	0	0
422	0.00094408	0	0	0	0	0	0	0	0	0	0
423	0.00098551	0	0	0	0	0	0	0	0	0	0
424	0.0010095	0	0	0	0	0	0	0	0	0	0
425	0.0010302	0	0	0	0	0	0	0	0	0	0
426	0.0010485	0	0	0	0	0	0	0	0	0	0
427	0.001065	0	0	0	0	0	0	0	0	0	0
428	0.0010801	0	0	0	0	0	0	0	0	0	0
429	0.0010942	0	0	0	0	0	0	0	0	0	0
430	0.0011073	0	0	0	0	0	0	0	0	0	0
431	0.0015532	0	0	0	0	0	0	0	0	0	0
432	0.0024506	0	0	0	0	0	0	0	0	0	0
433	0.0025805	0	0	0	0	0	0	0	0	0	0
434	0.0026429	0	0	0	0	0	0	0	0	0	0
435	0.0026776	0	0	0	0	0	0	0	0	0	0
436	0.0026982	0	0	0	0	0	0	0	0	0	0
437	0.0027107	0	0	0	0	0	0	0	0	0	0
438	0.0027184	0	0	0	0	0	0	0	0	0	0
439	0.002723	0	0	0	0	0	0	0	0	0	0
440	0.0027255	0	0	0	0	0	0	0	0	0	0
441	0.0026592	0	0	0	0	0	0	0	0	0	0
442	0.0026351	0	0	0	0	0	0	0	0	0	0
443	0.0026144	0	0	0	0	0	0	0	0	0	0
444	0.0025978	0	0	0	0	0	0	0	0	0	0
445	0.0025855	0	0	0	0	0	0	0	0	0	0
446	0.0025771	0	0	0	0	0	0	0	0	0	0
447	0.0025723	0	0	0	0	0	0	0	0	0	0
448	0.0025704	0	0	0	0	0	0	0	0	0	0
449	0.002571	0	0	0	0	0	0	0	0	0	0
450	0.0025734	0	0	0	0	0	0	0	0	0	0
451	0.0027471	0	0	0	0	0	0	0	0	0	0
452	0.002767	0	0	0	0	0	0	0	0	0	0
453	0.0027756	0	0	0	0	0	0	0	0	0	0
454	0.0027781	0	0	0	0	0	0	0	0	0	0
455	0.0027772	0	0	0	0	0	0	0	0	0	0
456	0.0027743	0	0	0	0	0	0	0	0	0	0
457	0.00277	0	0	0	0	0	0	0	0	0	0
458	0.002765	0	0	0	0	0	0	0	0	0	0
459	0.0027593	0	0	0	0	0	0	0	0	0	0
460	0.0027533	0	0	0	0	0	0	0	0	0	0
461	0.0027463	0	0	0	0	0	0	0	0	0	0
462	0.0027401	0	0	0	0	0	0	0	0	0	0
463	0.002734	0	0	0	0	0	0	0	0	0	0
464	0.0027278	0	0	0	0	0	0	0	0	0	0
465	0.0027215	0	0	0	0	0	0	0	0	0	0
466	0.0027153	0	0	0	0	0	0	0	0	0	0
467	0.0027089	0	0	0	0	0	0	0	0	0	0
468	0.0027026	0	0	0	0	0	0	0	0	0	0
469	0.0026961	0	0	0	0	0	0	0	0	0	0
470	0.0026896	0	0	0	0	0	0	0	0	0	0
471	0.0013437	0	0	0	0	0	0	0	0	0	0
472	0.001858	0	0	0	0	0	0	0	0	0	0
473	0.0022557	0	0	0	0	0	0	0	0	0	0
474	0.0025605	0	0	0	0	0	0	0	0	0	0
475	0.0027917	0	0	0	0	0	0	0	0	0	0
476	0.002965	0	0	0	0	0	0	0	0	0	0
477	0.0030926	0	0	0	0	0	0	0	0	0	0
478	0.0031844	0	0	0	0	0	0	0	0	0	0
479	0.0032481	0	0	0	0	0	0	0	0	0	0
480	0.0032896	0	0	0	0	0	0	0	0	0	0
481	0.0018476	0	0	0	0	0	0	0	0	0	0
482	0.0014019	0	0	0	0	0	0	0	0	0	0
483	0.0012862	0	0	0	0	0	0	0	0	0	0
484	0.0016082	0	0	0	0	0	0	0	0	0	0
485	0.0018653	0	0	0	0	0	0	0	0	0	0
486	0.0030134	0	0	0	0	0	0	0	0	0	0
487	0.0031461	0	0	0	0	0	0	0	0	0	0
488	0.0032071	0	0	0	0	0	0	0	0	0	0
489	0.0032369	0	0	0	0	0	0	0	0	0	0
490	0.0032505	0	0	0	0	0	0	0	0	0	0
491	0.0015909	0	0	0	0	0	0	0	0	0	0
492	0.0013646	0	0	0	0	0	0	0	0	0	0
493	-0.0073382	0	0	0	0	0	0	0	0	0	0
494	-0.0073421	0	0	0	0	0	0	0	0	0	0
495	-0.0073505	0	0	0	0	0	0	0	0	0	0
496	-0.0073678	0	0	0	0	0	0	0	0	0	0
497	-0.0073957	0	0	0	0	0	0	0	0	0	0
498	-0.0074346	0	0	0	0	0	0	0	0	0	0
499	-0.007484	0	0	0	0	0	0	0	0	0	0
500	-0.0075431	0	0	0	0	0	0	0	0	0	0
501	-0.0076747	0	0	0	0	0	0	0	0	0	0
502	-0.0077681	0	0	0	0	0	0	0	0	0	0
503	-0.0078642	0	0	0	0	0	0	0	0	0	0
504	-0.0079624	0	0	0	0	0	0	0	0	0	0
505	-0.0080626	0	0	0	0	0	0	0	0	0	0
506	-0.0081644	0	0	0	0	0	0	0	0	0	0
507	-0.0082676	0	0	0	0	0	0	0	0	0	0
508	-0.0083721	0	0	0	0	0	0	0	0	0	0
509	-0.0084776	0	0	0	0	0	0	0	0	0	0
510	-0.0085841	0	0	0	0	0	0	0	0	0	0
511	-0.0089255	0	0	0	0	0	0	0	0	0	0
512	-0.0088745	0	0	0	0	0	0	0	0	0	0
513	-0.0081018	0	0	0	0	0	0	0	0	0	0
514	-0.006892	0	0	0	0	0	0	0	0	0	0
515	-0.0065347	0	0	0	0	0	0	0	0	0	0
516	-0.0063017	0	0	0	0	0	0	0	0	0	0
517	-0.0061361	0	0	0	0	0	0	0	0	0	0
518	-0.0060131	0	0	0	0	0	0	0	0	0	0
519	-0.0059175	0	0	0	0	0	0	0	0	0	0
520	-0.00584	0	0	0	0	0	0	0	0	0	0
521	-0.0082426	0	0	0	0	0	0	0	0	0	0
522	-0.0087638	0	0	0	0	0	0	0	0	0	0
523	-0.0088418	0	0	0	0	0	0	0	0	0	0
524	-0.0088924	0	0	0	0	0	0	0	0	0	0
525	-0.0089339	0	0	0	0	0	0	0	0	0	0
526	-0.0089753	0	0	0	0	0	0	0	0	0	0
527	-0.0090202	0	0	0	0	0	0	0	0	0	0
528	-0.0090686	0	0	0	0	0	0	0	0	0	0
529	-0.0091189	0	0	0	0	0	0	0	0	0	0
530	-0.0091683	0	0	0	0	0	0	0	0	0	0
531	-0.0090091	0	0	0	0	0	0	0	0	0	0
532	-0.0089107	0	0	0	0	0	0	0	0	0	0
533	-0.0088398	0	0	0	0	0	0	0	0	0	0
534	-0.0087545	0	0	0	0	0	0	0	0	0	0
535	-0.0086218	0	0	0	0	0	0	0	0	0	0
536	-0.0083711	0	0	0	0	0	0	0	0	0	0
537	-0.0064257	0	0	0	0	0	0	0	0	0	0
538	-0.0061573	0	0	0	0	0	0	0	0	0	0
539	-0.0059133	0	0	0	0	0	0	0	0	0	0
540	-0.0056898	0	0	0	0	0	0	0	0	0	0
541	-0.0042965	0	0	0	0	0	0	0	0	0	0
542	-0.0039156	0	0	0	0	0	0	0	0	0	0
543	-0.0041964	0	0	0	0	0	0	0	0	0	0
544	-0.0044058	0	0	0	0	0	0	0	0	0	0
545	-0.0045526	0	0	0	0	0	0	0	0	0	0
546	-0.0046461	0	0	0	0	0	0	0	0	0	0
547	-0.0046944	0	0	0	0	0	0	0	0	0	0
548	-0.0047042	0	0	0	0	0	0	0	0	0	0
549	-0.0046812	0	0	0	0	0	0	0	0	0	0
550	-0.0046301	0	0	0	0	0	0	0	0	0	0
551	-0.0035145	0	0	0	0	0	0	0	0	0	0
552	-0.0031202	0	0	0	0	0	0	0	0	0	0
553	-0.0031389	0	0	0	0	0	0	0	0	0	0
554	-0.0033342	0	0	0	0	0	0	0	0	0	0
555	-0.0034806	0	0	0	0	0	0	0	0	0	0
556	-0.0035905	0	0	0	0	0	0	0	0	0	0
557	-0.0036714	0	0	0	0	0	0	0	0	0	0
558	-0.0037293	0	0	0	0	0	0	0	0	0	0
559	-0.0037694	0	0	0	0	0	0	0	0	0	0
560	-0.0037956	0	0	0	0	0	0	0	0	0	0
561	-0.004057	0	0	0	0	0	0	0	0	0	0
562	-0.004549	0	0	0	0	0	0	0	0	0	0
563	-0.0055937	0	0	0	0	0	0	0	0	0	0
564	-0.0056421	0	0	0	0	0	0	0	0	0	0
565	-0.0056259	0	0	0	0	0	0	0	0	0	0
566	-0.0055875	0	0	0	0	0	0	0	0	0	0
567	-0.0055456	0	0	0	0	0	0	0	0	0	0
568	-0.0055076	0	0	0	0	0	0	0	0	0	0
569	-0.0054757	0	0	0	0	0	0	0	0	0	0
570	-0.0054496	0	0	0	0	0	0	0	0	0	0
571	-0.0046084	0	0	0	0	0	0	0	0	0	0
572	-0.0042522	0	0	0	0	0	0	0	0	0	0
573	-0.0039747	0	0	0	0	0	0	0	0	0	0
574	-0.0037948	0	0	0	0	0	0	0	0	0	0
575	-0.0037201	0	0	0	0	0	0	0	0	0	0
576	-0.0037394	0	0	0	0	0	0	0	0	0	0
577	-0.0038251	0	0	0	0	0	0	0	0	0	0
578	-0.0039464	0	0	0	0	0	0	0	0	0	0
579	-0.0040799	0	0	0	0	0	0	0	0	0	0
580	-0.0042107	0	0	0	0	0	0	0	0	0	0
581	0.0050706	0	0	0	0	0	0	0	0	0	0
582	0.0052294	0	0	0	0	0	0	0	0	0	0
583	0.0050704	0	0	0	0	0	0	0	0	0	0
584	0.0046209	0	0	0	0	0	0	0	0	0	0
585	0.0038799	0	0	0	0	0	0	0	0	0	0
586	0.0028246	0	0	0	0	0	0	0	0	0	0
587	0.0013366	0	0	0	0	0	0	0	0	0	0
588	0.0014232	0	0	0	0	0	0	0	0	0	0
589	0.0030295	0	0	0	0	0	0	0	0	0	0
590	0.0039267	0	0	0	0	0	0	0	0	0	0
591	-0.0067111	0	0	0	0	0	0	0	0	0	0
592	-0.010021	0	0	0	0	0	0	0	0	0	0
593	-0.014157	0	0	0	0	0	0	0	0	0	0
594	-0.019327	0	0	0	0	0	0	0	0	0	0
595	0.089603	0	0	0	0	0	0	0	0	0	0
596	0.10878	0	0	0	0	0	0	0	0	0	0
597	0.11554	0	0	0	0	0	0	0	0	0	0
598	0.11719	0	0	0	0	0	0	0	0	0	0
599	0.11624	0	0	0	0	0	0	0	0	0	0
600	0.11368	0	0	0	0	0	0	0	0	0	0
601	0.11003	0	0	0	0	0	0	0	0	0	0
602	0.10555	0	0	0	0	0	0	0	0	0	0
603	0.10043	0	0	0	0	0	0	0	0	0	0
604	0.094809	0	0	0	0	0	0	0	0	0	0
605	0.075247	0	0	0	0	0	0	0	0	0	0
606	0.071592	0	0	0	0	0	0	0	0	0	0
607	0.068543	0	0	0	0	0	0	0	0	0	0
608	0.065926	0	0	0	0	0	0	0	0	0	0
609	0.063623	0	0	0	0	0	0	0	0	0	0
610	0.061552	0	0	0	0	0	0	0	0	0	0
611	0.059658	0	0	0	0	0	0	0	0	0	0
612	0.057905	0	0	0	0	0	0	0	0	0	0
613	0.056269	0	0	0	0	0	0	0	0	0	0
614	0.054738	0	0	0	0	0	0	0	0	0	0
615	0.049723	0	0	0	0	0	0	0	0	0	0
616	0.049737	0	0	0	0	0	0	0	0	0	0
617	0.05007	0	0	0	0	0	0	0	0	0	0
618	0.050659	0	0	0	0	0	0	0	0	0	0
619	0.051459	0	0	0	0	0	0	0	0	0	0
620	0.052433	0	0	0	0	0	0	0	0	0	0
621	0.053533	0	0	0	0	0	0	0	0	0	0
622	0.054736	0	0	0	0	0	0	0	0	0	0
623	0.056049	0	0	0	0	0	0	0	0	0	0
624	0.05746	0	0	0	0	0	0	0	0	0	0
625	0.070471	0	0	0	0	0	0	0	0	0	0
626	0.072697	0	0	0	0	0	0	0	0	0	0
627	0.074973	0	0	0	0	0	0	0	0	0	0
628	0.077305	0	0	0	0	0	0	0	0	0	0
629	0.079699	0	0	0	0	0	0	0	0	0	0
630	0.082159	0	0	0	0	0	0	0	0	0	0
631	0.084689	0	0	0	0	0	0	0	0	0	0
632	0.087292	0	0	0	0	0	0	0	0	0	0
633	0.089974	0	0	0	0	0	0	0	0	0	0
634	0.092736	0	0	0	0	0	0	0	0	0	0
635	0.099166	0	0	0	0	0	0	0	0	0	0
636	0.10237	0	0	0	0	0	0	0	0	0	0
637	0.10567	0	0	0	0	0	0	0	0	0	0
638	0.10907	0	0	0	0	0	0	0	0	0	0
639	0.11257	0	0	0	0	0	0	0	0	0	0
640	0.11618	0	0	0	0	0	0	0	0	0	0
641	0.11991	0	0	0	0	0	0	0	0	0	0
642	0.12375	0	0	0	0	0	0	0	0	0	0
643	0.12771	0	0	0	0	0	0	0	0	0	0
644	0.1318	0	0	0	0	0	0	0	0	0	0
645	0.13214	0	0	0	0	0	0	0	0	0	0
646	0.13618	0	0	0	0	0	0	0	0	0	0
647	0.14036	0	0	0	0	0	0	0	0	0	0
648	0.14469	0	0	0	0	0	0	0	0	0	0
649	0.14915	0	0	0	0	0	0	0	0	0	0
650	0.15377	0	0	0	0	0	0	0	0	0	0
651	0.15854	0	0	0	0	0	0	0	0	0	0
652	0.16347	0	0	0	0	0	0	0	0	0	0
653	0.16856	0	0	0	0	0	0	0	0	0	0
654	0.17382	0	0	0	0	0	0	0	0	0	0
655	0.16769	0	0	0	0	0	0	0	0	0	0
656	0.17236	0	0	0	0	0	0	0	0	0	0
657	0.1772	0	0	0	0	0	0	0	0	0	0
658	0.18222	0	0	0	0	0	0	0	0	0	0
659	0.1874	0	0	0	0	0	0	0	0	0	0
660	0.19276	0	0	0	0	0	0	0	0	0	0
661	0.19829	0	0	0	0	0	0	0	0	0	0
662	0.204	0	0	0	0	0	0	0	0	0	0
663	0.20989	0	0	0	0	0	0	0	0	0	0
664	0.21597	0	0	0	0	0	0	0	0	0	0
665	0.19989	0	0	0	0	0	0	0	0	0	0
666	0.20438	0	0	0	0	0	0	0	0	0	0
667	0.20907	0	0	0	0	0	0	0	0	0	0
668	0.21304	0	0	0	0	0	0	0	0	0	0
669	0.21702	0	0	0	0	0	0	0	0	0	0
670	0.22111	0	0	0	0	0	0	0	0	0	0
671	0.22529	0	0	0	0	0	0	0	0	0	0
672	0.22957	0	0	0	0	0	0	0	0	0	0
673	0.23395	0	0	0	0	0	0	0	0	0	0
674	0.23841	0	0	0	0	0	0	0	0	0	0
675	0.2189	0	0	0	0	0	0	0	0	0	0
676	0.22207	0	0	0	0	0	0	0	0	0	0
677	0.22535	0	0	0	0	0	0	0	0	0	0
678	0.22874	0	0	0	0	0	0	0	0	0	0
679	0.23222	0	0	0	0	0	0	0	0	0	0
680	0.2358	0	0	0	0	0	0	0	0	0	0
681	0.23946	0	0	0	0	0	0	0	0	0	0
682	0.2432	0	0	0	0	0	0	0	0	0	0
683	0.24701	0	0	0	0	0	0	0	0	0	0
684	0.25091	0	0	0	0	0	0	0	0	0	0
685	0.23681	0	0	0	0	0	0	0	0	0	0
686	0.24006	0	0	0	0	0	0	0	0	0	0
687	0.24338	0	0	0	0	0	0	0	0	0	0
688	0.24676	0	0	0	0	0	0	0	0	0	0
689	0.25022	0	0	0	0	0	0	0	0	0	0
690	0.25373	0	0	0	0	0	0	0	0	0	0
691	0.2573	0	0	0	0	0	0	0	0	0	0
692	0.26093	0	0	0	0	0	0	0	0	0	0
693	0.26461	0	0	0	0	0	0	0	0	0	0
694	0.26835	0	0	0	0	0	0	0	0	0	0
695	0.2115	0	0	0	0	0	0	0	0	0	0
696	0.21308	0	0	0	0	0	0	0	0	0	0
697	0.21474	0	0	0	0	0	0	0	0	0	0
698	0.21647	0	0	0	0	0	0	0	0	0	0
699	0.21828	0	0	0	0	0	0	0	0	0	0
700	0.22015	0	0	0	0	0	0	0	0	0	0
701	0.22208	0	0	0	0	0	0	0	0	0	0
702	0.22407	0	0	0	0	0	0	0	0	0	0
703	0.22611	0	0	0	0	0	0	0	0	0	0
704	0.2282	0	0	0	0	0	0	0	0	0	0
705	0.10845	0	0	0	0	0	0	0	0	0	0
706	0.1102	0	0	0	0	0	0	0	0	0	0
707	0.11216	0	0	0	0	0	0	0	0	0	0
708	0.11431	0	0	0	0	0	0	0	0	0	0
709	0.11664	0	0	0	0	0	0	0	0	0	0
710	0.11914	0	0	0	0	0	0	0	0	0	0
711	0.12179	0	0	0	0	0	0	0	0	0	0
712	0.12458	0	0	0	0	0	0	0	0	0	0
713	0.12751	0	0	0	0	0	0	0	0	0	0
714	0.13055	0	0	0	0	0	0	0	0	0	0
715	0.18713	0	0	0	0	0	0	0	0	0	0
716	0.18853	0	0	0	0	0	0	0	0	0	0
717	0.18988	0	0	0	0	0	0	0	0	0	0
718	0.19118	0	0	0	0	0	0	0	0	0	0
719	0.19243	0	0	0	0	0	0	0	0	0	0
720	0.19365	0	0	0	0	0	0	0	0	0	0
721	0.19483	0	0	0	0	0	0	0	0	0	0
722	0.19597	0	0	0	0	0	0	0	0	0	0
723	0.19708	0	0	0	0	0	0	0	0	0	0
724	0.19815	0	0	0	0	0	0	0	0	0	0
725	0.18068	0	0	0	0	0	0	0	0	0	0
726	0.18172	0	0	0	0	0	0	0	0	0	0
727	0.18276	0	0	0	0	0	0	0	0	0	0
728	0.18382	0	0	0	0	0	0	0	0	0	0
729	0.1849	0	0	0	0	0	0	0	0	0	0
730	0.18598	0	0	0	0	0	0	0	0	0	0
731	0.18708	0	0	0	0	0	0	0	0	0	0
732	0.18819	0	0	0	0	0	0	0	0	0	0
733	0.18931	0	0	0	0	0	0	0	0	0	0
734	0.19044	0	0	0	0	0	0	0	0	0	0
735	0.18641	0	0	0	0	0	0	0	0	0	0
736	0.18744	0	0	0	0	0	0	0	0	0	0
737	0.18848	0	0	0	0	0	0	0	0	0	0
738	0.18953	0	0	0	0	0	0	0	0	0	0
739	0.19059	0	0	0	0	0	0	0	0	0	0
740	0.19166	0	0	0	0	0	0	0	0	0	0
741	0.19274	0	0	0	0	0	0	0	0	0	0
742	0.19383	0	0	0	0	0	0	0	0	0	0
743	0.19493	0	0	0	0	0	0	0	0	0	0
744	0.19603	0	0	0	0	0	0	0	0	0	0
745	0.19798	0	0	0	0	0	0	0	0	0	0
746	0.19878	0	0	0	0	0	0	0	0	0	0
747	0.19956	0	0	0	0	0	0	0	0	0	0
748	0.20032	0	0	0	0	0	0	0	0	0	0
749	0.20106	0	0	0	0	0	0	0	0	0	0
750	0.20177	0	0	0	0	0	0	0	0	0	0
751	0.20246	0	0	0	0	0	0	0	0	0	0
752	0.20314	0	0	0	0	0	0	0	0	0	0
753	0.2038	0	0	0	0	0	0	0	0	0	0
754	0.20443	0	0	0	0	0	0	0	0	0	0
755	0.19755	0	0	0	0	0	0	0	0	0	0
756	0.19997	0	0	0	0	0	0	0	0	0	0
757	0.20232	0	0	0	0	0	0	0	0	0	0
758	0.2046	0	0	0	0	0	0	0	0	0	0
759	0.20681	0	0	0	0	0	0	0	0	0	0
760	0.20897	0	0	0	0	0	0	0	0	0	0
761	0.21107	0	0	0	0	0	0	0	0	0	0
762	0.21312	0	0	0	0	0	0	0	0	0	0
763	0.21512	0	0	0	0	0	0	0	0	0	0
764	0.21708	0	0	0	0	0	0	0	0	0	0
765	0.22886	0	0	0	0	0	0	0	0	0	0
766	0.22896	0	0	0	0	0	0	0	0	0	0
767	0.22908	0	0	0	0	0	0	0	0	0	0
768	0.22921	0	0	0	0	0	0	0	0	0	0
769	0.22936	0	0	0	0	0	0	0	0	0	0
770	0.22952	0	0	0	0	0	0	0	0	0	0
771	0.22969	0	0	0	0	0	0	0	0	0	0
772	0.22986	0	0	0	0	0	0	0	0	0	0
773	0.23005	0	0	0	0	0	0	0	0	0	0
774	0.23024	0	0	0	0	0	0	0	0	0	0
775	0.22968	0	0	0	0	0	0	0	0	0	0
776	0.22985	0	0	0	0	0	0	0	0	0	0
777	0.23003	0	0	0	0	0	0	0	0	0	0
778	0.23022	0	0	0	0	0	0	0	0	0	0
779	0.23041	0	0	0	0	0	0	0	0	0	0
780	0.23061	0	0	0	0	0	0	0	0	0	0
781	0.23081	0	0	0	0	0	0	0	0	0	0
782	0.23101	0	0	0	0	0	0	0	0	0	0
783	0.23122	0	0	0	0	0	0	0	0	0	0
784	0.23144	0	0	0	0	0	0	0	0	0	0
785	0.23165	0	0	0	0	0	0	0	0	0	0
786	0.23187	0	0	0	0	0	0	0	0	0	0
787	0.23209	0	0	0	0	0	0	0	0	0	0
788	0.23231	0	0	0	0	0	0	0	0	0	0
789	0.23253	0	0	0	0	0	0	0	0	0	0
790	0.23275	0	0	0	0	0	0	0	0	0	0
791	0.23298	0	0	0	0	0	0	0	0	0	0
792	0.2332	0	0	0	0	0	0	0	0	0	0
793	0.23342	0	0	0	0	0	0	0	0	0	0
794	0.23364	0	0	0	0	0	0	0	0	0	0
795	0.23387	0	0	0	0	0	0	0	0	0	0
796	0.2341	0	0	0	0	0	0	0	0	0	0
797	0.23432	0	0	0	0	0	0	0	0	0	0
798	0.23454	0	0	0	0	0	0	0	0	0	0
799	0.23476	0	0	0	0	0	0	0	0	0	0
800	0.23498	0	0	0	0	0	0	0	0	0	0
801	0.2352	0	0	0	0	0	0	0	0	0	0
802	0.23542	0	0	0	0	0	0	0	0	0	0
803	0.23564	0	0	0	0	0	0	0	0	0	0
804	0.23586	0	0	0	0	0	0	0	0	0	0
805	0.23609	0	0	0	0	0	0	0	0	0	0
806	0.2363	0	0	0	0	0	0	0	0	0	0
807	0.23652	0	0	0	0	0	0	0	0	0	0
808	0.23674	0	0	0	0	0	0	0	0	0	0
809	0.23695	0	0	0	0	0	0	0	0	0	0
810	0.23717	0	0	0	0	0	0	0	0	0	0
811	0.23738	0	0	0	0	0	0	0	0	0	0
812	0.2376	0	0	0	0	0	0	0	0	0	0
813	0.23781	0	0	0	0	0	0	0	0	0	0
814	0.23803	0	0	0	0	0	0	0	0	0	0
815	0.23824	0	0	0	0	0	0	0	0	0	0
816	0.23845	0	0	0	0	0	0	0	0	0	0
817	0.23867	0	0	0	0	0	0	0	0	0	0
818	0.23888	0	0	0	0	0	0	0	0	0	0
819	0.2391	0	0	0	0	0	0	0	0	0	0
820	0.23931	0	0	0	0	0	0	0	0	0	0
821	0.23952	0	0	0	0	0	0	0	0	0	0
822	0.23973	0	0	0	0	0	0	0	0	0	0
823	0.23995	0	0	0	0	0	0	0	0	0	0
824	0.24016	0	0	0	0	0	0	0	0	0	0
825	0.24038	0	0	0	0	0	0	0	0	0	0
826	0.24059	0	0	0	0	0	0	0	0	0	0
827	0.2408	0	0	0	0	0	0	0	0	0	0
828	0.24102	0	0	0	0	0	0	0	0	0	0
829	0.24123	0	0	0	0	0	0	0	0	0	0
830	0.24144	0	0	0	0	0	0	0	0	0	0
831	0.24165	0	0	0	0	0	0	0	0	0	0
832	0.24186	0	0	0	0	0	0	0	0	0	0
833	0.24207	0	0	0	0	0	0	0	0	0	0
834	0.24228	0	0	0	0	0	0	0	0	0	0
835	0.2425	0	0	0	0	0	0	0	0	0	0
836	0.24271	0	0	0	0	0	0	0	0	0	0
837	0.24292	0	0	0	0	0	0	0	0	0	0
838	0.24313	0	0	0	0	0	0	0	0	0	0
839	0.24334	0	0	0	0	0	0	0	0	0	0
840	0.24355	0	0	0	0	0	0	0	0	0	0
841	0.24376	0	0	0	0	0	0	0	0	0	0
842	0.24397	0	0	0	0	0	0	0	0	0	0
843	0.24418	0	0	0	0	0	0	0	0	0	0
844	0.24439	0	0	0	0	0	0	0	0	0	0
845	0.24467	0	0	0	0	0	0	0	0	0	0
846	0.24488	0	0	0	0	0	0	0	0	0	0
847	0.24508	0	0	0	0	0	0	0	0	0	0
848	0.24529	0	0	0	0	0	0	0	0	0	0
849	0.24549	0	0	0	0	0	0	0	0	0	0
850	0.2457	0	0	0	0	0	0	0	0	0	0
851	0.2459	0	0	0	0	0	0	0	0	0	0
852	0.24611	0	0	0	0	0	0	0	0	0	0
853	0.24631	0	0	0	0	0	0	0	0	0	0
854	0.24652	0	0	0	0	0	0	0	0	0	0
855	0.25093	0	0	0	0	0	0	0	0	0	0
856	0.25104	0	0	0	0	0	0	0	0	0	0
857	0.25114	0	0	0	0	0	0	0	0	0	0
858	0.25124	0	0	0	0	0	0	0	0	0	0
859	0.25133	0	0	0	0	0	0	0	0	0	0
860	0.25142	0	0	0	0	0	0	0	0	0	0
861	0.25151	0	0	0	0	0	0	0	0	0	0
862	0.25159	0	0	0	0	0	0	0	0	0	0
863	0.25167	0	0	0	0	0	0	0	0	0	0
864	0.25174	0	0	0	0	0	0	0	0	0	0
865	0.25182	0	0	0	0	0	0	0	0	0	0
866	0.25189	0	0	0	0	0	0	0	0	0	0
867	0.25196	0	0	0	0	0	0	0	0	0	0
868	0.25202	0	0	0	0	0	0	0	0	0	0
869	0.25209	0	0	0	0	0	0	0	0	0	0
870	0.25215	0	0	0	0	0	0	0	0	0	0
871	0.25221	0	0	0	0	0	0	0	0	0	0
872	0.25226	0	0	0	0	0	0	0	0	0	0
873	0.25232	0	0	0	0	0	0	0	0	0	0
873.3	0.25233	0	0	0	0	0	0	0	0	0	0
;OV Intertank Orifice Flow Mdot (lbm/s)
#I=0,873.3,1; C:\0_afc_work\OV_Intertank_Reentry_Venting_Analysis_using_VISSIM\VISSIM\OV_Intertank_Reentry_Venting_Analysis_c1d3b_oin.vsm C:\0_afc_work\OV_Intertank_Reentry_Venting_Analysis_using_VISSIM\VISSIM\OV_Intertank_Reentry_Venting_Analysis_c1d3b_oin.vsm @ Mon Oct 29 12:45:29 2018
0	-0.0035987	0	0	0	0	0	0	0	0	0	0
1	-0.00084803	0	0	0	0	0	0	0	0	0	0
2	-0.00019984	0	0	0	0	0	0	0	0	0	0
3	-4.7092e-005	0	0	0	0	0	0	0	0	0	0
4	4.6596e-009	0	0	0	0	0	0	0	0	0	0
5	1.4628e-007	0	0	0	0	0	0	0	0	0	0
6	1.4867e-007	0	0	0	0	0	0	0	0	0	0
7	1.5112e-007	0	0	0	0	0	0	0	0	0	0
8	1.5361e-007	0	0	0	0	0	0	0	0	0	0
9	1.5615e-007	0	0	0	0	0	0	0	0	0	0
10	1.5874e-007	0	0	0	0	0	0	0	0	0	0
11	1.6138e-007	0	0	0	0	0	0	0	0	0	0
12	1.6407e-007	0	0	0	0	0	0	0	0	0	0
13	1.6682e-007	0	0	0	0	0	0	0	0	0	0
14	1.6962e-007	0	0	0	0	0	0	0	0	0	0
15	1.7247e-007	0	0	0	0	0	0	0	0	0	0
16	1.7539e-007	0	0	0	0	0	0	0	0	0	0
17	1.7835e-007	0	0	0	0	0	0	0	0	0	0
18	1.8138e-007	0	0	0	0	0	0	0	0	0	0
19	1.8447e-007	0	0	0	0	0	0	0	0	0	0
20	1.8762e-007	0	0	0	0	0	0	0	0	0	0
21	1.9084e-007	0	0	0	0	0	0	0	0	0	0
22	1.9412e-007	0	0	0	0	0	0	0	0	0	0
23	1.9746e-007	0	0	0	0	0	0	0	0	0	0
24	2.0088e-007	0	0	0	0	0	0	0	0	0	0
25	2.0436e-007	0	0	0	0	0	0	0	0	0	0
26	2.0791e-007	0	0	0	0	0	0	0	0	0	0
27	2.1154e-007	0	0	0	0	0	0	0	0	0	0
28	2.1524e-007	0	0	0	0	0	0	0	0	0	0
29	2.1902e-007	0	0	0	0	0	0	0	0	0	0
30	2.2287e-007	0	0	0	0	0	0	0	0	0	0
31	2.268e-007	0	0	0	0	0	0	0	0	0	0
32	2.3082e-007	0	0	0	0	0	0	0	0	0	0
33	2.3492e-007	0	0	0	0	0	0	0	0	0	0
34	2.391e-007	0	0	0	0	0	0	0	0	0	0
35	2.4338e-007	0	0	0	0	0	0	0	0	0	0
36	2.4774e-007	0	0	0	0	0	0	0	0	0	0
37	2.5219e-007	0	0	0	0	0	0	0	0	0	0
38	2.5674e-007	0	0	0	0	0	0	0	0	0	0
39	2.6138e-007	0	0	0	0	0	0	0	0	0	0
40	2.6612e-007	0	0	0	0	0	0	0	0	0	0
41	2.7097e-007	0	0	0	0	0	0	0	0	0	0
42	2.7591e-007	0	0	0	0	0	0	0	0	0	0
43	2.8097e-007	0	0	0	0	0	0	0	0	0	0
44	2.8613e-007	0	0	0	0	0	0	0	0	0	0
45	2.914e-007	0	0	0	0	0	0	0	0	0	0
46	2.9678e-007	0	0	0	0	0	0	0	0	0	0
47	3.0229e-007	0	0	0	0	0	0	0	0	0	0
48	3.0791e-007	0	0	0	0	0	0	0	0	0	0
49	3.1365e-007	0	0	0	0	0	0	0	0	0	0
50	3.1952e-007	0	0	0	0	0	0	0	0	0	0
51	3.2552e-007	0	0	0	0	0	0	0	0	0	0
52	3.3165e-007	0	0	0	0	0	0	0	0	0	0
53	3.3791e-007	0	0	0	0	0	0	0	0	0	0
54	3.4431e-007	0	0	0	0	0	0	0	0	0	0
55	3.5086e-007	0	0	0	0	0	0	0	0	0	0
56	3.5755e-007	0	0	0	0	0	0	0	0	0	0
57	3.6438e-007	0	0	0	0	0	0	0	0	0	0
58	3.7138e-007	0	0	0	0	0	0	0	0	0	0
59	3.7852e-007	0	0	0	0	0	0	0	0	0	0
60	3.8583e-007	0	0	0	0	0	0	0	0	0	0
61	3.9331e-007	0	0	0	0	0	0	0	0	0	0
62	4.0095e-007	0	0	0	0	0	0	0	0	0	0
63	4.0877e-007	0	0	0	0	0	0	0	0	0	0
64	4.1676e-007	0	0	0	0	0	0	0	0	0	0
65	4.2494e-007	0	0	0	0	0	0	0	0	0	0
66	4.333e-007	0	0	0	0	0	0	0	0	0	0
67	4.4185e-007	0	0	0	0	0	0	0	0	0	0
68	4.5061e-007	0	0	0	0	0	0	0	0	0	0
69	4.5956e-007	0	0	0	0	0	0	0	0	0	0
70	4.6872e-007	0	0	0	0	0	0	0	0	0	0
71	4.781e-007	0	0	0	0	0	0	0	0	0	0
72	4.8769e-007	0	0	0	0	0	0	0	0	0	0
73	7.132e-007	0	0	0	0	0	0	0	0	0	0
74	7.3146e-007	0	0	0	0	0	0	0	0	0	0
75	7.5021e-007	0	0	0	0	0	0	0	0	0	0
76	7.6948e-007	0	0	0	0	0	0	0	0	0	0
77	7.8928e-007	0	0	0	0	0	0	0	0	0	0
78	8.0964e-007	0	0	0	0	0	0	0	0	0	0
79	8.3055e-007	0	0	0	0	0	0	0	0	0	0
80	8.5205e-007	0	0	0	0	0	0	0	0	0	0
81	3.6517e-006	0	0	0	0	0	0	0	0	0	0
82	4.0376e-006	0	0	0	0	0	0	0	0	0	0
83	4.4674e-006	0	0	0	0	0	0	0	0	0	0
84	4.9467e-006	0	0	0	0	0	0	0	0	0	0
85	5.4815e-006	0	0	0	0	0	0	0	0	0	0
86	6.0788e-006	0	0	0	0	0	0	0	0	0	0
87	6.7463e-006	0	0	0	0	0	0	0	0	0	0
88	7.493e-006	0	0	0	0	0	0	0	0	0	0
89	8.3288e-006	0	0	0	0	0	0	0	0	0	0
90	9.2654e-006	0	0	0	0	0	0	0	0	0	0
91	1.0316e-005	0	0	0	0	0	0	0	0	0	0
92	1.1494e-005	0	0	0	0	0	0	0	0	0	0
93	1.2818e-005	0	0	0	0	0	0	0	0	0	0
94	1.4307e-005	0	0	0	0	0	0	0	0	0	0
95	1.5982e-005	0	0	0	0	0	0	0	0	0	0
96	1.7868e-005	0	0	0	0	0	0	0	0	0	0
97	1.9995e-005	0	0	0	0	0	0	0	0	0	0
98	2.2395e-005	0	0	0	0	0	0	0	0	0	0
99	2.5105e-005	0	0	0	0	0	0	0	0	0	0
100	2.8169e-005	0	0	0	0	0	0	0	0	0	0
101	2.1164e-005	0	0	0	0	0	0	0	0	0	0
102	2.2717e-005	0	0	0	0	0	0	0	0	0	0
103	2.4386e-005	0	0	0	0	0	0	0	0	0	0
104	2.6177e-005	0	0	0	0	0	0	0	0	0	0
105	2.8101e-005	0	0	0	0	0	0	0	0	0	0
106	3.0168e-005	0	0	0	0	0	0	0	0	0	0
107	3.2387e-005	0	0	0	0	0	0	0	0	0	0
108	3.4772e-005	0	0	0	0	0	0	0	0	0	0
109	3.7335e-005	0	0	0	0	0	0	0	0	0	0
110	4.0089e-005	0	0	0	0	0	0	0	0	0	0
111	4.3049e-005	0	0	0	0	0	0	0	0	0	0
112	4.6231e-005	0	0	0	0	0	0	0	0	0	0
113	4.9652e-005	0	0	0	0	0	0	0	0	0	0
114	5.3331e-005	0	0	0	0	0	0	0	0	0	0
115	5.7287e-005	0	0	0	0	0	0	0	0	0	0
116	6.1542e-005	0	0	0	0	0	0	0	0	0	0
117	6.612e-005	0	0	0	0	0	0	0	0	0	0
118	7.1046e-005	0	0	0	0	0	0	0	0	0	0
119	7.6346e-005	0	0	0	0	0	0	0	0	0	0
120	8.2052e-005	0	0	0	0	0	0	0	0	0	0
121	6.6803e-005	0	0	0	0	0	0	0	0	0	0
122	7.0872e-005	0	0	0	0	0	0	0	0	0	0
123	7.5256e-005	0	0	0	0	0	0	0	0	0	0
124	7.993e-005	0	0	0	0	0	0	0	0	0	0
125	8.4915e-005	0	0	0	0	0	0	0	0	0	0
126	9.0233e-005	0	0	0	0	0	0	0	0	0	0
127	9.5908e-005	0	0	0	0	0	0	0	0	0	0
128	0.00010196	0	0	0	0	0	0	0	0	0	0
129	0.00010843	0	0	0	0	0	0	0	0	0	0
130	0.00011534	0	0	0	0	0	0	0	0	0	0
131	0.00012271	0	0	0	0	0	0	0	0	0	0
132	0.00013059	0	0	0	0	0	0	0	0	0	0
133	0.00012779	0	0	0	0	0	0	0	0	0	0
134	0.00013397	0	0	0	0	0	0	0	0	0	0
135	0.00014086	0	0	0	0	0	0	0	0	0	0
136	0.00014809	0	0	0	0	0	0	0	0	0	0
137	0.00015567	0	0	0	0	0	0	0	0	0	0
138	0.00016361	0	0	0	0	0	0	0	0	0	0
139	0.00017193	0	0	0	0	0	0	0	0	0	0
140	0.00018064	0	0	0	0	0	0	0	0	0	0
141	9.34e-005	0	0	0	0	0	0	0	0	0	0
142	9.3462e-005	0	0	0	0	0	0	0	0	0	0
143	9.5635e-005	0	0	0	0	0	0	0	0	0	0
144	9.796e-005	0	0	0	0	0	0	0	0	0	0
145	0.00010034	0	0	0	0	0	0	0	0	0	0
146	0.00010278	0	0	0	0	0	0	0	0	0	0
147	0.00010527	0	0	0	0	0	0	0	0	0	0
148	0.00010782	0	0	0	0	0	0	0	0	0	0
149	0.00011043	0	0	0	0	0	0	0	0	0	0
150	0.0001131	0	0	0	0	0	0	0	0	0	0
151	0.00011582	0	0	0	0	0	0	0	0	0	0
152	0.00011861	0	0	0	0	0	0	0	0	0	0
153	0.00012146	0	0	0	0	0	0	0	0	0	0
154	0.00012437	0	0	0	0	0	0	0	0	0	0
155	0.00012735	0	0	0	0	0	0	0	0	0	0
156	0.0001304	0	0	0	0	0	0	0	0	0	0
157	0.00013351	0	0	0	0	0	0	0	0	0	0
158	0.0001367	0	0	0	0	0	0	0	0	0	0
159	0.00013995	0	0	0	0	0	0	0	0	0	0
160	0.00014328	0	0	0	0	0	0	0	0	0	0
161	7.488e-005	0	0	0	0	0	0	0	0	0	0
162	7.1835e-005	0	0	0	0	0	0	0	0	0	0
163	7.2234e-005	0	0	0	0	0	0	0	0	0	0
164	7.3012e-005	0	0	0	0	0	0	0	0	0	0
165	7.3838e-005	0	0	0	0	0	0	0	0	0	0
166	7.4679e-005	0	0	0	0	0	0	0	0	0	0
167	7.5528e-005	0	0	0	0	0	0	0	0	0	0
168	7.6387e-005	0	0	0	0	0	0	0	0	0	0
169	7.7255e-005	0	0	0	0	0	0	0	0	0	0
170	7.8132e-005	0	0	0	0	0	0	0	0	0	0
171	7.9018e-005	0	0	0	0	0	0	0	0	0	0
172	7.9914e-005	0	0	0	0	0	0	0	0	0	0
173	8.0819e-005	0	0	0	0	0	0	0	0	0	0
174	8.1734e-005	0	0	0	0	0	0	0	0	0	0
175	8.2658e-005	0	0	0	0	0	0	0	0	0	0
176	8.3593e-005	0	0	0	0	0	0	0	0	0	0
177	8.4536e-005	0	0	0	0	0	0	0	0	0	0
178	8.549e-005	0	0	0	0	0	0	0	0	0	0
179	8.6454e-005	0	0	0	0	0	0	0	0	0	0
180	8.7428e-005	0	0	0	0	0	0	0	0	0	0
181	8.7846e-005	0	0	0	0	0	0	0	0	0	0
182	8.878e-005	0	0	0	0	0	0	0	0	0	0
183	8.9763e-005	0	0	0	0	0	0	0	0	0	0
184	9.0763e-005	0	0	0	0	0	0	0	0	0	0
185	9.1775e-005	0	0	0	0	0	0	0	0	0	0
186	9.2797e-005	0	0	0	0	0	0	0	0	0	0
187	9.3829e-005	0	0	0	0	0	0	0	0	0	0
188	9.4872e-005	0	0	0	0	0	0	0	0	0	0
189	9.5927e-005	0	0	0	0	0	0	0	0	0	0
190	9.6992e-005	0	0	0	0	0	0	0	0	0	0
191	9.8068e-005	0	0	0	0	0	0	0	0	0	0
192	9.9155e-005	0	0	0	0	0	0	0	0	0	0
193	0.00010025	0	0	0	0	0	0	0	0	0	0
194	0.00010136	0	0	0	0	0	0	0	0	0	0
195	0.00010248	0	0	0	0	0	0	0	0	0	0
196	0.00010362	0	0	0	0	0	0	0	0	0	0
197	0.00010476	0	0	0	0	0	0	0	0	0	0
198	0.00010592	0	0	0	0	0	0	0	0	0	0
199	0.00010708	0	0	0	0	0	0	0	0	0	0
200	0.00010826	0	0	0	0	0	0	0	0	0	0
201	0.00021056	0	0	0	0	0	0	0	0	0	0
202	0.00022697	0	0	0	0	0	0	0	0	0	0
203	0.00023462	0	0	0	0	0	0	0	0	0	0
204	0.00024047	0	0	0	0	0	0	0	0	0	0
205	0.00024602	0	0	0	0	0	0	0	0	0	0
206	0.00025158	0	0	0	0	0	0	0	0	0	0
207	0.00025724	0	0	0	0	0	0	0	0	0	0
208	0.00026302	0	0	0	0	0	0	0	0	0	0
209	0.00026891	0	0	0	0	0	0	0	0	0	0
210	0.00027492	0	0	0	0	0	0	0	0	0	0
211	0.00028107	0	0	0	0	0	0	0	0	0	0
212	0.00028733	0	0	0	0	0	0	0	0	0	0
213	0.00029373	0	0	0	0	0	0	0	0	0	0
214	0.00030027	0	0	0	0	0	0	0	0	0	0
215	0.00030693	0	0	0	0	0	0	0	0	0	0
216	0.00031374	0	0	0	0	0	0	0	0	0	0
217	0.00032069	0	0	0	0	0	0	0	0	0	0
218	0.00032777	0	0	0	0	0	0	0	0	0	0
219	0.00033501	0	0	0	0	0	0	0	0	0	0
220	0.00034239	0	0	0	0	0	0	0	0	0	0
221	0.00032679	0	0	0	0	0	0	0	0	0	0
222	0.00032946	0	0	0	0	0	0	0	0	0	0
223	0.00033479	0	0	0	0	0	0	0	0	0	0
224	0.00034105	0	0	0	0	0	0	0	0	0	0
225	0.00034768	0	0	0	0	0	0	0	0	0	0
226	0.00035452	0	0	0	0	0	0	0	0	0	0
227	0.00036151	0	0	0	0	0	0	0	0	0	0
228	0.00036864	0	0	0	0	0	0	0	0	0	0
229	0.00037591	0	0	0	0	0	0	0	0	0	0
230	0.0003833	0	0	0	0	0	0	0	0	0	0
231	0.00039083	0	0	0	0	0	0	0	0	0	0
232	0.00039849	0	0	0	0	0	0	0	0	0	0
233	0.00040629	0	0	0	0	0	0	0	0	0	0
234	0.00041423	0	0	0	0	0	0	0	0	0	0
235	0.00042231	0	0	0	0	0	0	0	0	0	0
236	0.00043054	0	0	0	0	0	0	0	0	0	0
237	0.00043891	0	0	0	0	0	0	0	0	0	0
238	0.00044743	0	0	0	0	0	0	0	0	0	0
239	0.00045611	0	0	0	0	0	0	0	0	0	0
240	0.00046493	0	0	0	0	0	0	0	0	0	0
241	0.00046893	0	0	0	0	0	0	0	0	0	0
242	0.00047674	0	0	0	0	0	0	0	0	0	0
243	0.00048524	0	0	0	0	0	0	0	0	0	0
244	0.00049405	0	0	0	0	0	0	0	0	0	0
245	0.00050306	0	0	0	0	0	0	0	0	0	0
246	0.00051225	0	0	0	0	0	0	0	0	0	0
247	0.0005216	0	0	0	0	0	0	0	0	0	0
248	0.00053111	0	0	0	0	0	0	0	0	0	0
249	0.00054078	0	0	0	0	0	0	0	0	0	0
250	0.00055059	0	0	0	0	0	0	0	0	0	0
251	0.00056057	0	0	0	0	0	0	0	0	0	0
252	0.00057071	0	0	0	0	0	0	0	0	0	0
253	0.000581	0	0	0	0	0	0	0	0	0	0
254	0.00059146	0	0	0	0	0	0	0	0	0	0
255	0.00060209	0	0	0	0	0	0	0	0	0	0
256	0.00061288	0	0	0	0	0	0	0	0	0	0
257	0.00062384	0	0	0	0	0	0	0	0	0	0
258	0.00063498	0	0	0	0	0	0	0	0	0	0
259	0.00064629	0	0	0	0	0	0	0	0	0	0
260	0.00065777	0	0	0	0	0	0	0	0	0	0
261	0.00043426	0	0	0	0	0	0	0	0	0	0
262	0.00037843	0	0	0	0	0	0	0	0	0	0
263	0.0003508	0	0	0	0	0	0	0	0	0	0
264	0.00033766	0	0	0	0	0	0	0	0	0	0
265	0.00033202	0	0	0	0	0	0	0	0	0	0
266	0.00033028	0	0	0	0	0	0	0	0	0	0
267	0.0003306	0	0	0	0	0	0	0	0	0	0
268	0.000332	0	0	0	0	0	0	0	0	0	0
269	0.00033398	0	0	0	0	0	0	0	0	0	0
270	0.00033629	0	0	0	0	0	0	0	0	0	0
271	0.00033877	0	0	0	0	0	0	0	0	0	0
272	0.00034135	0	0	0	0	0	0	0	0	0	0
273	0.000344	0	0	0	0	0	0	0	0	0	0
274	0.0003467	0	0	0	0	0	0	0	0	0	0
275	0.00034942	0	0	0	0	0	0	0	0	0	0
276	0.00035217	0	0	0	0	0	0	0	0	0	0
277	0.00035494	0	0	0	0	0	0	0	0	0	0
278	0.00035773	0	0	0	0	0	0	0	0	0	0
279	0.00036055	0	0	0	0	0	0	0	0	0	0
280	0.00036338	0	0	0	0	0	0	0	0	0	0
281	0.00035524	0	0	0	0	0	0	0	0	0	0
282	0.00035479	0	0	0	0	0	0	0	0	0	0
283	0.00035565	0	0	0	0	0	0	0	0	0	0
284	0.00035725	0	0	0	0	0	0	0	0	0	0
285	0.00035927	0	0	0	0	0	0	0	0	0	0
286	0.00036154	0	0	0	0	0	0	0	0	0	0
287	0.00036397	0	0	0	0	0	0	0	0	0	0
288	0.00036648	0	0	0	0	0	0	0	0	0	0
289	0.00036905	0	0	0	0	0	0	0	0	0	0
290	0.00037166	0	0	0	0	0	0	0	0	0	0
291	0.00037431	0	0	0	0	0	0	0	0	0	0
292	0.00037697	0	0	0	0	0	0	0	0	0	0
293	0.00037966	0	0	0	0	0	0	0	0	0	0
294	0.00038237	0	0	0	0	0	0	0	0	0	0
295	0.00038509	0	0	0	0	0	0	0	0	0	0
296	0.00038783	0	0	0	0	0	0	0	0	0	0
297	0.00039058	0	0	0	0	0	0	0	0	0	0
298	0.00039335	0	0	0	0	0	0	0	0	0	0
299	0.00039613	0	0	0	0	0	0	0	0	0	0
300	0.00039894	0	0	0	0	0	0	0	0	0	0
301	0.00042139	0	0	0	0	0	0	0	0	0	0
302	0.00043047	0	0	0	0	0	0	0	0	0	0
303	0.00043738	0	0	0	0	0	0	0	0	0	0
304	0.00044297	0	0	0	0	0	0	0	0	0	0
305	0.00044779	0	0	0	0	0	0	0	0	0	0
306	0.00045213	0	0	0	0	0	0	0	0	0	0
307	0.0004562	0	0	0	0	0	0	0	0	0	0
308	0.0004601	0	0	0	0	0	0	0	0	0	0
309	0.00046392	0	0	0	0	0	0	0	0	0	0
310	0.00046769	0	0	0	0	0	0	0	0	0	0
311	0.00047144	0	0	0	0	0	0	0	0	0	0
312	0.00047519	0	0	0	0	0	0	0	0	0	0
313	0.00047895	0	0	0	0	0	0	0	0	0	0
314	0.00048272	0	0	0	0	0	0	0	0	0	0
315	0.00048651	0	0	0	0	0	0	0	0	0	0
316	0.00049032	0	0	0	0	0	0	0	0	0	0
317	0.00049416	0	0	0	0	0	0	0	0	0	0
318	0.00049801	0	0	0	0	0	0	0	0	0	0
319	0.0005019	0	0	0	0	0	0	0	0	0	0
320	0.0005058	0	0	0	0	0	0	0	0	0	0
321	0.00048005	0	0	0	0	0	0	0	0	0	0
322	0.00047414	0	0	0	0	0	0	0	0	0	0
323	0.00047135	0	0	0	0	0	0	0	0	0	0
324	0.00047059	0	0	0	0	0	0	0	0	0	0
325	0.00047113	0	0	0	0	0	0	0	0	0	0
326	0.00047254	0	0	0	0	0	0	0	0	0	0
327	0.0004745	0	0	0	0	0	0	0	0	0	0
328	0.00047683	0	0	0	0	0	0	0	0	0	0
329	0.00047941	0	0	0	0	0	0	0	0	0	0
330	0.00048216	0	0	0	0	0	0	0	0	0	0
331	0.00048502	0	0	0	0	0	0	0	0	0	0
332	0.00048796	0	0	0	0	0	0	0	0	0	0
333	0.00049096	0	0	0	0	0	0	0	0	0	0
334	0.000494	0	0	0	0	0	0	0	0	0	0
335	0.00049707	0	0	0	0	0	0	0	0	0	0
336	0.00050017	0	0	0	0	0	0	0	0	0	0
337	0.0005033	0	0	0	0	0	0	0	0	0	0
338	0.00050644	0	0	0	0	0	0	0	0	0	0
339	0.0005096	0	0	0	0	0	0	0	0	0	0
340	0.00051277	0	0	0	0	0	0	0	0	0	0
341	0.00050302	0	0	0	0	0	0	0	0	0	0
342	0.00050186	0	0	0	0	0	0	0	0	0	0
343	0.00050195	0	0	0	0	0	0	0	0	0	0
344	0.00050289	0	0	0	0	0	0	0	0	0	0
345	0.00050441	0	0	0	0	0	0	0	0	0	0
346	0.00050633	0	0	0	0	0	0	0	0	0	0
347	0.00050852	0	0	0	0	0	0	0	0	0	0
348	0.0005109	0	0	0	0	0	0	0	0	0	0
349	0.00051342	0	0	0	0	0	0	0	0	0	0
350	0.00051603	0	0	0	0	0	0	0	0	0	0
351	0.00051871	0	0	0	0	0	0	0	0	0	0
352	0.00052143	0	0	0	0	0	0	0	0	0	0
353	0.0005242	0	0	0	0	0	0	0	0	0	0
354	0.00052699	0	0	0	0	0	0	0	0	0	0
355	0.0005298	0	0	0	0	0	0	0	0	0	0
356	0.00053263	0	0	0	0	0	0	0	0	0	0
357	0.00053547	0	0	0	0	0	0	0	0	0	0
358	0.00053833	0	0	0	0	0	0	0	0	0	0
359	0.00054119	0	0	0	0	0	0	0	0	0	0
360	0.00054407	0	0	0	0	0	0	0	0	0	0
361	0.00054866	0	0	0	0	0	0	0	0	0	0
362	0.00055211	0	0	0	0	0	0	0	0	0	0
363	0.00055541	0	0	0	0	0	0	0	0	0	0
364	0.0005586	0	0	0	0	0	0	0	0	0	0
365	0.00056172	0	0	0	0	0	0	0	0	0	0
366	0.00056479	0	0	0	0	0	0	0	0	0	0
367	0.00056783	0	0	0	0	0	0	0	0	0	0
368	0.00057084	0	0	0	0	0	0	0	0	0	0
369	0.00057384	0	0	0	0	0	0	0	0	0	0
370	0.00057683	0	0	0	0	0	0	0	0	0	0
371	0.00057982	0	0	0	0	0	0	0	0	0	0
372	0.00058281	0	0	0	0	0	0	0	0	0	0
373	0.00058579	0	0	0	0	0	0	0	0	0	0
374	0.00058879	0	0	0	0	0	0	0	0	0	0
375	0.00059178	0	0	0	0	0	0	0	0	0	0
376	0.00059478	0	0	0	0	0	0	0	0	0	0
377	0.00059778	0	0	0	0	0	0	0	0	0	0
378	0.00060079	0	0	0	0	0	0	0	0	0	0
379	0.0006038	0	0	0	0	0	0	0	0	0	0
380	0.00060682	0	0	0	0	0	0	0	0	0	0
381	0.0010242	0	0	0	0	0	0	0	0	0	0
382	0.0011734	0	0	0	0	0	0	0	0	0	0
383	0.0012884	0	0	0	0	0	0	0	0	0	0
384	0.0013785	0	0	0	0	0	0	0	0	0	0
385	0.0014506	0	0	0	0	0	0	0	0	0	0
386	0.0015098	0	0	0	0	0	0	0	0	0	0
387	0.0015595	0	0	0	0	0	0	0	0	0	0
388	0.0016026	0	0	0	0	0	0	0	0	0	0
389	0.0016407	0	0	0	0	0	0	0	0	0	0
390	0.0016754	0	0	0	0	0	0	0	0	0	0
391	0.0017076	0	0	0	0	0	0	0	0	0	0
392	0.001738	0	0	0	0	0	0	0	0	0	0
393	0.0017673	0	0	0	0	0	0	0	0	0	0
394	0.0017957	0	0	0	0	0	0	0	0	0	0
395	0.0018236	0	0	0	0	0	0	0	0	0	0
396	0.0018512	0	0	0	0	0	0	0	0	0	0
397	0.0018786	0	0	0	0	0	0	0	0	0	0
398	0.001906	0	0	0	0	0	0	0	0	0	0
399	0.0019334	0	0	0	0	0	0	0	0	0	0
400	0.0019609	0	0	0	0	0	0	0	0	0	0
401	0.0019815	0	0	0	0	0	0	0	0	0	0
402	0.002007	0	0	0	0	0	0	0	0	0	0
403	0.0020329	0	0	0	0	0	0	0	0	0	0
404	0.0020593	0	0	0	0	0	0	0	0	0	0
405	0.002086	0	0	0	0	0	0	0	0	0	0
406	0.0021131	0	0	0	0	0	0	0	0	0	0
407	0.0021405	0	0	0	0	0	0	0	0	0	0
408	0.0021682	0	0	0	0	0	0	0	0	0	0
409	0.0021963	0	0	0	0	0	0	0	0	0	0
410	0.0022246	0	0	0	0	0	0	0	0	0	0
411	0.0016824	0	0	0	0	0	0	0	0	0	0
412	0.0015179	0	0	0	0	0	0	0	0	0	0
413	0.0013893	0	0	0	0	0	0	0	0	0	0
414	0.0012886	0	0	0	0	0	0	0	0	0	0
415	0.0012097	0	0	0	0	0	0	0	0	0	0
416	0.0011477	0	0	0	0	0	0	0	0	0	0
417	0.0010992	0	0	0	0	0	0	0	0	0	0
418	0.0010612	0	0	0	0	0	0	0	0	0	0
419	0.0010315	0	0	0	0	0	0	0	0	0	0
420	0.0010084	0	0	0	0	0	0	0	0	0	0
421	0.00097262	0	0	0	0	0	0	0	0	0	0
422	0.00095278	0	0	0	0	0	0	0	0	0	0
423	0.00097507	0	0	0	0	0	0	0	0	0	0
424	0.0010013	0	0	0	0	0	0	0	0	0	0
425	0.0010233	0	0	0	0	0	0	0	0	0	0
426	0.0010427	0	0	0	0	0	0	0	0	0	0
427	0.0010602	0	0	0	0	0	0	0	0	0	0
428	0.0010762	0	0	0	0	0	0	0	0	0	0
429	0.0010909	0	0	0	0	0	0	0	0	0	0
430	0.0011048	0	0	0	0	0	0	0	0	0	0
431	0.0015407	0	0	0	0	0	0	0	0	0	0
432	0.0024201	0	0	0	0	0	0	0	0	0	0
433	0.0025613	0	0	0	0	0	0	0	0	0	0
434	0.002629	0	0	0	0	0	0	0	0	0	0
435	0.0026671	0	0	0	0	0	0	0	0	0	0
436	0.0026901	0	0	0	0	0	0	0	0	0	0
437	0.0027044	0	0	0	0	0	0	0	0	0	0
438	0.0027134	0	0	0	0	0	0	0	0	0	0
439	0.0027189	0	0	0	0	0	0	0	0	0	0
440	0.0027222	0	0	0	0	0	0	0	0	0	0
441	0.0026562	0	0	0	0	0	0	0	0	0	0
442	0.0026341	0	0	0	0	0	0	0	0	0	0
443	0.002615	0	0	0	0	0	0	0	0	0	0
444	0.0025997	0	0	0	0	0	0	0	0	0	0
445	0.002588	0	0	0	0	0	0	0	0	0	0
446	0.00258	0	0	0	0	0	0	0	0	0	0
447	0.0025752	0	0	0	0	0	0	0	0	0	0
448	0.0025731	0	0	0	0	0	0	0	0	0	0
449	0.0025734	0	0	0	0	0	0	0	0	0	0
450	0.0025755	0	0	0	0	0	0	0	0	0	0
451	0.0027452	0	0	0	0	0	0	0	0	0	0
452	0.0027646	0	0	0	0	0	0	0	0	0	0
453	0.0027734	0	0	0	0	0	0	0	0	0	0
454	0.0027763	0	0	0	0	0	0	0	0	0	0
455	0.0027757	0	0	0	0	0	0	0	0	0	0
456	0.0027731	0	0	0	0	0	0	0	0	0	0
457	0.0027691	0	0	0	0	0	0	0	0	0	0
458	0.0027643	0	0	0	0	0	0	0	0	0	0
459	0.0027588	0	0	0	0	0	0	0	0	0	0
460	0.0027528	0	0	0	0	0	0	0	0	0	0
461	0.0027459	0	0	0	0	0	0	0	0	0	0
462	0.0027399	0	0	0	0	0	0	0	0	0	0
463	0.0027338	0	0	0	0	0	0	0	0	0	0
464	0.0027277	0	0	0	0	0	0	0	0	0	0
465	0.0027215	0	0	0	0	0	0	0	0	0	0
466	0.0027153	0	0	0	0	0	0	0	0	0	0
467	0.002709	0	0	0	0	0	0	0	0	0	0
468	0.0027026	0	0	0	0	0	0	0	0	0	0
469	0.0026962	0	0	0	0	0	0	0	0	0	0
470	0.0026897	0	0	0	0	0	0	0	0	0	0
471	0.0013062	0	0	0	0	0	0	0	0	0	0
472	0.0017975	0	0	0	0	0	0	0	0	0	0
473	0.0021833	0	0	0	0	0	0	0	0	0	0
474	0.0024836	0	0	0	0	0	0	0	0	0	0
475	0.0027153	0	0	0	0	0	0	0	0	0	0
476	0.0028921	0	0	0	0	0	0	0	0	0	0
477	0.003025	0	0	0	0	0	0	0	0	0	0
478	0.0031229	0	0	0	0	0	0	0	0	0	0
479	0.003193	0	0	0	0	0	0	0	0	0	0
480	0.0032408	0	0	0	0	0	0	0	0	0	0
481	0.0018381	0	0	0	0	0	0	0	0	0	0
482	0.0014187	0	0	0	0	0	0	0	0	0	0
483	0.0012432	0	0	0	0	0	0	0	0	0	0
484	0.0015592	0	0	0	0	0	0	0	0	0	0
485	0.0018103	0	0	0	0	0	0	0	0	0	0
486	0.001607	0	0	0	0	0	0	0	0	0	0
487	0.0015732	0	0	0	0	0	0	0	0	0	0
488	0.0015311	0	0	0	0	0	0	0	0	0	0
489	0.0014898	0	0	0	0	0	0	0	0	0	0
490	0.0014523	0	0	0	0	0	0	0	0	0	0
491	0.0015763	0	0	0	0	0	0	0	0	0	0
492	0.0013678	0	0	0	0	0	0	0	0	0	0
493	-0.0073342	0	0	0	0	0	0	0	0	0	0
494	-0.0073427	0	0	0	0	0	0	0	0	0	0
495	-0.0073551	0	0	0	0	0	0	0	0	0	0
496	-0.0073753	0	0	0	0	0	0	0	0	0	0
497	-0.0074049	0	0	0	0	0	0	0	0	0	0
498	-0.0074445	0	0	0	0	0	0	0	0	0	0
499	-0.0074938	0	0	0	0	0	0	0	0	0	0
500	-0.0075521	0	0	0	0	0	0	0	0	0	0
501	-0.0076786	0	0	0	0	0	0	0	0	0	0
502	-0.0077689	0	0	0	0	0	0	0	0	0	0
503	-0.0078621	0	0	0	0	0	0	0	0	0	0
504	-0.0079578	0	0	0	0	0	0	0	0	0	0
505	-0.0080556	0	0	0	0	0	0	0	0	0	0
506	-0.0081554	0	0	0	0	0	0	0	0	0	0
507	-0.0082567	0	0	0	0	0	0	0	0	0	0
508	-0.0083595	0	0	0	0	0	0	0	0	0	0
509	-0.0084635	0	0	0	0	0	0	0	0	0	0
510	-0.0085687	0	0	0	0	0	0	0	0	0	0
511	-0.008901	0	0	0	0	0	0	0	0	0	0
512	-0.0088602	0	0	0	0	0	0	0	0	0	0
513	-0.0087436	0	0	0	0	0	0	0	0	0	0
514	-0.0069743	0	0	0	0	0	0	0	0	0	0
515	-0.0065972	0	0	0	0	0	0	0	0	0	0
516	-0.0063506	0	0	0	0	0	0	0	0	0	0
517	-0.0061744	0	0	0	0	0	0	0	0	0	0
518	-0.0060431	0	0	0	0	0	0	0	0	0	0
519	-0.0059409	0	0	0	0	0	0	0	0	0	0
520	-0.0058583	0	0	0	0	0	0	0	0	0	0
521	-0.0088241	0	0	0	0	0	0	0	0	0	0
522	-0.0087567	0	0	0	0	0	0	0	0	0	0
523	-0.008833	0	0	0	0	0	0	0	0	0	0
524	-0.0088846	0	0	0	0	0	0	0	0	0	0
525	-0.0089272	0	0	0	0	0	0	0	0	0	0
526	-0.0089689	0	0	0	0	0	0	0	0	0	0
527	-0.009013	0	0	0	0	0	0	0	0	0	0
528	-0.0090598	0	0	0	0	0	0	0	0	0	0
529	-0.0091081	0	0	0	0	0	0	0	0	0	0
530	-0.0091554	0	0	0	0	0	0	0	0	0	0
531	-0.0089976	0	0	0	0	0	0	0	0	0	0
532	-0.0089011	0	0	0	0	0	0	0	0	0	0
533	-0.0088317	0	0	0	0	0	0	0	0	0	0
534	-0.0087531	0	0	0	0	0	0	0	0	0	0
535	-0.0086382	0	0	0	0	0	0	0	0	0	0
536	-0.0084436	0	0	0	0	0	0	0	0	0	0
537	-0.0065038	0	0	0	0	0	0	0	0	0	0
538	-0.0062353	0	0	0	0	0	0	0	0	0	0
539	-0.0059899	0	0	0	0	0	0	0	0	0	0
540	-0.0057639	0	0	0	0	0	0	0	0	0	0
541	-0.004392	0	0	0	0	0	0	0	0	0	0
542	-0.0038972	0	0	0	0	0	0	0	0	0	0
543	-0.0041042	0	0	0	0	0	0	0	0	0	0
544	-0.0043161	0	0	0	0	0	0	0	0	0	0
545	-0.0044688	0	0	0	0	0	0	0	0	0	0
546	-0.0045708	0	0	0	0	0	0	0	0	0	0
547	-0.004629	0	0	0	0	0	0	0	0	0	0
548	-0.0046496	0	0	0	0	0	0	0	0	0	0
549	-0.0046377	0	0	0	0	0	0	0	0	0	0
550	-0.0045975	0	0	0	0	0	0	0	0	0	0
551	-0.0035181	0	0	0	0	0	0	0	0	0	0
552	-0.0031484	0	0	0	0	0	0	0	0	0	0
553	-0.0031225	0	0	0	0	0	0	0	0	0	0
554	-0.0033077	0	0	0	0	0	0	0	0	0	0
555	-0.0034479	0	0	0	0	0	0	0	0	0	0
556	-0.0035551	0	0	0	0	0	0	0	0	0	0
557	-0.0036358	0	0	0	0	0	0	0	0	0	0
558	-0.0036952	0	0	0	0	0	0	0	0	0	0
559	-0.0037377	0	0	0	0	0	0	0	0	0	0
560	-0.0037669	0	0	0	0	0	0	0	0	0	0
561	-0.0040218	0	0	0	0	0	0	0	0	0	0
562	-0.0044405	0	0	0	0	0	0	0	0	0	0
563	-0.0052301	0	0	0	0	0	0	0	0	0	0
564	-0.0056491	0	0	0	0	0	0	0	0	0	0
565	-0.0056482	0	0	0	0	0	0	0	0	0	0
566	-0.005617	0	0	0	0	0	0	0	0	0	0
567	-0.0055768	0	0	0	0	0	0	0	0	0	0
568	-0.0055374	0	0	0	0	0	0	0	0	0	0
569	-0.0055025	0	0	0	0	0	0	0	0	0	0
570	-0.0054727	0	0	0	0	0	0	0	0	0	0
571	-0.0046762	0	0	0	0	0	0	0	0	0	0
572	-0.0043414	0	0	0	0	0	0	0	0	0	0
573	-0.0040749	0	0	0	0	0	0	0	0	0	0
574	-0.0038935	0	0	0	0	0	0	0	0	0	0
575	-0.0038044	0	0	0	0	0	0	0	0	0	0
576	-0.0038008	0	0	0	0	0	0	0	0	0	0
577	-0.0038622	0	0	0	0	0	0	0	0	0	0
578	-0.0039627	0	0	0	0	0	0	0	0	0	0
579	-0.0040806	0	0	0	0	0	0	0	0	0	0
580	-0.0042004	0	0	0	0	0	0	0	0	0	0
581	0.0050383	0	0	0	0	0	0	0	0	0	0
582	0.0051902	0	0	0	0	0	0	0	0	0	0
583	0.0050387	0	0	0	0	0	0	0	0	0	0
584	0.0046039	0	0	0	0	0	0	0	0	0	0
585	0.0038816	0	0	0	0	0	0	0	0	0	0
586	0.0028475	0	0	0	0	0	0	0	0	0	0
587	0.0013817	0	0	0	0	0	0	0	0	0	0
588	0.0043036	0	0	0	0	0	0	0	0	0	0
589	0.0023832	0	0	0	0	0	0	0	0	0	0
590	0.0039616	0	0	0	0	0	0	0	0	0	0
591	-0.0065183	0	0	0	0	0	0	0	0	0	0
592	-0.009751	0	0	0	0	0	0	0	0	0	0
593	-0.013791	0	0	0	0	0	0	0	0	0	0
594	-0.01884	0	0	0	0	0	0	0	0	0	0
595	0.088829	0	0	0	0	0	0	0	0	0	0
596	0.10715	0	0	0	0	0	0	0	0	0	0
597	0.1139	0	0	0	0	0	0	0	0	0	0
598	0.11573	0	0	0	0	0	0	0	0	0	0
599	0.11499	0	0	0	0	0	0	0	0	0	0
600	0.11265	0	0	0	0	0	0	0	0	0	0
601	0.1092	0	0	0	0	0	0	0	0	0	0
602	0.10492	0	0	0	0	0	0	0	0	0	0
603	0.099993	0	0	0	0	0	0	0	0	0	0
604	0.094545	0	0	0	0	0	0	0	0	0	0
605	0.075202	0	0	0	0	0	0	0	0	0	0
606	0.071711	0	0	0	0	0	0	0	0	0	0
607	0.068765	0	0	0	0	0	0	0	0	0	0
608	0.066211	0	0	0	0	0	0	0	0	0	0
609	0.063945	0	0	0	0	0	0	0	0	0	0
610	0.061895	0	0	0	0	0	0	0	0	0	0
611	0.060012	0	0	0	0	0	0	0	0	0	0
612	0.058262	0	0	0	0	0	0	0	0	0	0
613	0.056626	0	0	0	0	0	0	0	0	0	0
614	0.055092	0	0	0	0	0	0	0	0	0	0
615	0.050076	0	0	0	0	0	0	0	0	0	0
616	0.050076	0	0	0	0	0	0	0	0	0	0
617	0.050384	0	0	0	0	0	0	0	0	0	0
618	0.050943	0	0	0	0	0	0	0	0	0	0
619	0.051711	0	0	0	0	0	0	0	0	0	0
620	0.052653	0	0	0	0	0	0	0	0	0	0
621	0.053723	0	0	0	0	0	0	0	0	0	0
622	0.054899	0	0	0	0	0	0	0	0	0	0
623	0.056187	0	0	0	0	0	0	0	0	0	0
624	0.057576	0	0	0	0	0	0	0	0	0	0
625	0.070549	0	0	0	0	0	0	0	0	0	0
626	0.072738	0	0	0	0	0	0	0	0	0	0
627	0.074985	0	0	0	0	0	0	0	0	0	0
628	0.077294	0	0	0	0	0	0	0	0	0	0
629	0.07967	0	0	0	0	0	0	0	0	0	0
630	0.082115	0	0	0	0	0	0	0	0	0	0
631	0.084633	0	0	0	0	0	0	0	0	0	0
632	0.087227	0	0	0	0	0	0	0	0	0	0
633	0.0899	0	0	0	0	0	0	0	0	0	0
634	0.092655	0	0	0	0	0	0	0	0	0	0
635	0.099075	0	0	0	0	0	0	0	0	0	0
636	0.10227	0	0	0	0	0	0	0	0	0	0
637	0.10556	0	0	0	0	0	0	0	0	0	0
638	0.10895	0	0	0	0	0	0	0	0	0	0
639	0.11245	0	0	0	0	0	0	0	0	0	0
640	0.11605	0	0	0	0	0	0	0	0	0	0
641	0.11977	0	0	0	0	0	0	0	0	0	0
642	0.12361	0	0	0	0	0	0	0	0	0	0
643	0.12757	0	0	0	0	0	0	0	0	0	0
644	0.13166	0	0	0	0	0	0	0	0	0	0
645	0.132	0	0	0	0	0	0	0	0	0	0
646	0.13604	0	0	0	0	0	0	0	0	0	0
647	0.14022	0	0	0	0	0	0	0	0	0	0
648	0.14454	0	0	0	0	0	0	0	0	0	0
649	0.14901	0	0	0	0	0	0	0	0	0	0
650	0.15362	0	0	0	0	0	0	0	0	0	0
651	0.15839	0	0	0	0	0	0	0	0	0	0
652	0.16331	0	0	0	0	0	0	0	0	0	0
653	0.1684	0	0	0	0	0	0	0	0	0	0
654	0.17365	0	0	0	0	0	0	0	0	0	0
655	0.16753	0	0	0	0	0	0	0	0	0	0
656	0.1722	0	0	0	0	0	0	0	0	0	0
657	0.17705	0	0	0	0	0	0	0	0	0	0
658	0.18206	0	0	0	0	0	0	0	0	0	0
659	0.18724	0	0	0	0	0	0	0	0	0	0
660	0.1926	0	0	0	0	0	0	0	0	0	0
661	0.19813	0	0	0	0	0	0	0	0	0	0
662	0.20383	0	0	0	0	0	0	0	0	0	0
663	0.20972	0	0	0	0	0	0	0	0	0	0
664	0.21579	0	0	0	0	0	0	0	0	0	0
665	0.19973	0	0	0	0	0	0	0	0	0	0
666	0.20422	0	0	0	0	0	0	0	0	0	0
667	0.2089	0	0	0	0	0	0	0	0	0	0
668	0.21287	0	0	0	0	0	0	0	0	0	0
669	0.21684	0	0	0	0	0	0	0	0	0	0
670	0.22092	0	0	0	0	0	0	0	0	0	0
671	0.22509	0	0	0	0	0	0	0	0	0	0
672	0.22936	0	0	0	0	0	0	0	0	0	0
673	0.23372	0	0	0	0	0	0	0	0	0	0
674	0.23817	0	0	0	0	0	0	0	0	0	0
675	0.21865	0	0	0	0	0	0	0	0	0	0
676	0.22182	0	0	0	0	0	0	0	0	0	0
677	0.22509	0	0	0	0	0	0	0	0	0	0
678	0.22847	0	0	0	0	0	0	0	0	0	0
679	0.23194	0	0	0	0	0	0	0	0	0	0
680	0.23549	0	0	0	0	0	0	0	0	0	0
681	0.23913	0	0	0	0	0	0	0	0	0	0
682	0.24285	0	0	0	0	0	0	0	0	0	0
683	0.24665	0	0	0	0	0	0	0	0	0	0
684	0.25052	0	0	0	0	0	0	0	0	0	0
685	0.23641	0	0	0	0	0	0	0	0	0	0
686	0.23965	0	0	0	0	0	0	0	0	0	0
687	0.24296	0	0	0	0	0	0	0	0	0	0
688	0.24633	0	0	0	0	0	0	0	0	0	0
689	0.24976	0	0	0	0	0	0	0	0	0	0
690	0.25326	0	0	0	0	0	0	0	0	0	0
691	0.25681	0	0	0	0	0	0	0	0	0	0
692	0.26042	0	0	0	0	0	0	0	0	0	0
693	0.26408	0	0	0	0	0	0	0	0	0	0
694	0.26779	0	0	0	0	0	0	0	0	0	0
695	0.21097	0	0	0	0	0	0	0	0	0	0
696	0.21257	0	0	0	0	0	0	0	0	0	0
697	0.21426	0	0	0	0	0	0	0	0	0	0
698	0.21601	0	0	0	0	0	0	0	0	0	0
699	0.21783	0	0	0	0	0	0	0	0	0	0
700	0.2197	0	0	0	0	0	0	0	0	0	0
701	0.22164	0	0	0	0	0	0	0	0	0	0
702	0.22363	0	0	0	0	0	0	0	0	0	0
703	0.22566	0	0	0	0	0	0	0	0	0	0
704	0.22775	0	0	0	0	0	0	0	0	0	0
705	0.10808	0	0	0	0	0	0	0	0	0	0
706	0.10992	0	0	0	0	0	0	0	0	0	0
707	0.11196	0	0	0	0	0	0	0	0	0	0
708	0.11418	0	0	0	0	0	0	0	0	0	0
709	0.11656	0	0	0	0	0	0	0	0	0	0
710	0.1191	0	0	0	0	0	0	0	0	0	0
711	0.12178	0	0	0	0	0	0	0	0	0	0
712	0.12459	0	0	0	0	0	0	0	0	0	0
713	0.12753	0	0	0	0	0	0	0	0	0	0
714	0.13058	0	0	0	0	0	0	0	0	0	0
715	0.18711	0	0	0	0	0	0	0	0	0	0
716	0.18845	0	0	0	0	0	0	0	0	0	0
717	0.18974	0	0	0	0	0	0	0	0	0	0
718	0.191	0	0	0	0	0	0	0	0	0	0
719	0.19221	0	0	0	0	0	0	0	0	0	0
720	0.19339	0	0	0	0	0	0	0	0	0	0
721	0.19454	0	0	0	0	0	0	0	0	0	0
722	0.19565	0	0	0	0	0	0	0	0	0	0
723	0.19673	0	0	0	0	0	0	0	0	0	0
724	0.19779	0	0	0	0	0	0	0	0	0	0
725	0.18031	0	0	0	0	0	0	0	0	0	0
726	0.18135	0	0	0	0	0	0	0	0	0	0
727	0.18239	0	0	0	0	0	0	0	0	0	0
728	0.18345	0	0	0	0	0	0	0	0	0	0
729	0.18452	0	0	0	0	0	0	0	0	0	0
730	0.18561	0	0	0	0	0	0	0	0	0	0
731	0.1867	0	0	0	0	0	0	0	0	0	0
732	0.18781	0	0	0	0	0	0	0	0	0	0
733	0.18892	0	0	0	0	0	0	0	0	0	0
734	0.19004	0	0	0	0	0	0	0	0	0	0
735	0.18601	0	0	0	0	0	0	0	0	0	0
736	0.18704	0	0	0	0	0	0	0	0	0	0
737	0.18808	0	0	0	0	0	0	0	0	0	0
738	0.18913	0	0	0	0	0	0	0	0	0	0
739	0.19019	0	0	0	0	0	0	0	0	0	0
740	0.19126	0	0	0	0	0	0	0	0	0	0
741	0.19233	0	0	0	0	0	0	0	0	0	0
742	0.19342	0	0	0	0	0	0	0	0	0	0
743	0.19451	0	0	0	0	0	0	0	0	0	0
744	0.19561	0	0	0	0	0	0	0	0	0	0
745	0.19755	0	0	0	0	0	0	0	0	0	0
746	0.19835	0	0	0	0	0	0	0	0	0	0
747	0.19912	0	0	0	0	0	0	0	0	0	0
748	0.19988	0	0	0	0	0	0	0	0	0	0
749	0.20061	0	0	0	0	0	0	0	0	0	0
750	0.20133	0	0	0	0	0	0	0	0	0	0
751	0.20202	0	0	0	0	0	0	0	0	0	0
752	0.20269	0	0	0	0	0	0	0	0	0	0
753	0.20335	0	0	0	0	0	0	0	0	0	0
754	0.20399	0	0	0	0	0	0	0	0	0	0
755	0.19797	0	0	0	0	0	0	0	0	0	0
756	0.2003	0	0	0	0	0	0	0	0	0	0
757	0.20257	0	0	0	0	0	0	0	0	0	0
758	0.20478	0	0	0	0	0	0	0	0	0	0
759	0.20693	0	0	0	0	0	0	0	0	0	0
760	0.20903	0	0	0	0	0	0	0	0	0	0
761	0.21108	0	0	0	0	0	0	0	0	0	0
762	0.21308	0	0	0	0	0	0	0	0	0	0
763	0.21505	0	0	0	0	0	0	0	0	0	0
764	0.21697	0	0	0	0	0	0	0	0	0	0
765	0.22889	0	0	0	0	0	0	0	0	0	0
766	0.229	0	0	0	0	0	0	0	0	0	0
767	0.22913	0	0	0	0	0	0	0	0	0	0
768	0.22927	0	0	0	0	0	0	0	0	0	0
769	0.22942	0	0	0	0	0	0	0	0	0	0
770	0.22958	0	0	0	0	0	0	0	0	0	0
771	0.22975	0	0	0	0	0	0	0	0	0	0
772	0.22993	0	0	0	0	0	0	0	0	0	0
773	0.23011	0	0	0	0	0	0	0	0	0	0
774	0.2303	0	0	0	0	0	0	0	0	0	0
775	0.22971	0	0	0	0	0	0	0	0	0	0
776	0.22988	0	0	0	0	0	0	0	0	0	0
777	0.23005	0	0	0	0	0	0	0	0	0	0
778	0.23024	0	0	0	0	0	0	0	0	0	0
779	0.23043	0	0	0	0	0	0	0	0	0	0
780	0.23062	0	0	0	0	0	0	0	0	0	0
781	0.23082	0	0	0	0	0	0	0	0	0	0
782	0.23102	0	0	0	0	0	0	0	0	0	0
783	0.23123	0	0	0	0	0	0	0	0	0	0
784	0.23144	0	0	0	0	0	0	0	0	0	0
785	0.23165	0	0	0	0	0	0	0	0	0	0
786	0.23186	0	0	0	0	0	0	0	0	0	0
787	0.23208	0	0	0	0	0	0	0	0	0	0
788	0.2323	0	0	0	0	0	0	0	0	0	0
789	0.23252	0	0	0	0	0	0	0	0	0	0
790	0.23274	0	0	0	0	0	0	0	0	0	0
791	0.23296	0	0	0	0	0	0	0	0	0	0
792	0.23318	0	0	0	0	0	0	0	0	0	0
793	0.2334	0	0	0	0	0	0	0	0	0	0
794	0.23362	0	0	0	0	0	0	0	0	0	0
795	0.23385	0	0	0	0	0	0	0	0	0	0
796	0.23407	0	0	0	0	0	0	0	0	0	0
797	0.23429	0	0	0	0	0	0	0	0	0	0
798	0.23452	0	0	0	0	0	0	0	0	0	0
799	0.23474	0	0	0	0	0	0	0	0	0	0
800	0.23496	0	0	0	0	0	0	0	0	0	0
801	0.23518	0	0	0	0	0	0	0	0	0	0
802	0.2354	0	0	0	0	0	0	0	0	0	0
803	0.23562	0	0	0	0	0	0	0	0	0	0
804	0.23584	0	0	0	0	0	0	0	0	0	0
805	0.23606	0	0	0	0	0	0	0	0	0	0
806	0.23628	0	0	0	0	0	0	0	0	0	0
807	0.2365	0	0	0	0	0	0	0	0	0	0
808	0.23672	0	0	0	0	0	0	0	0	0	0
809	0.23693	0	0	0	0	0	0	0	0	0	0
810	0.23715	0	0	0	0	0	0	0	0	0	0
811	0.23736	0	0	0	0	0	0	0	0	0	0
812	0.23758	0	0	0	0	0	0	0	0	0	0
813	0.2378	0	0	0	0	0	0	0	0	0	0
814	0.23801	0	0	0	0	0	0	0	0	0	0
815	0.23823	0	0	0	0	0	0	0	0	0	0
816	0.23844	0	0	0	0	0	0	0	0	0	0
817	0.23865	0	0	0	0	0	0	0	0	0	0
818	0.23887	0	0	0	0	0	0	0	0	0	0
819	0.23908	0	0	0	0	0	0	0	0	0	0
820	0.2393	0	0	0	0	0	0	0	0	0	0
821	0.23951	0	0	0	0	0	0	0	0	0	0
822	0.23972	0	0	0	0	0	0	0	0	0	0
823	0.23994	0	0	0	0	0	0	0	0	0	0
824	0.24015	0	0	0	0	0	0	0	0	0	0
825	0.24037	0	0	0	0	0	0	0	0	0	0
826	0.24059	0	0	0	0	0	0	0	0	0	0
827	0.2408	0	0	0	0	0	0	0	0	0	0
828	0.24101	0	0	0	0	0	0	0	0	0	0
829	0.24122	0	0	0	0	0	0	0	0	0	0
830	0.24143	0	0	0	0	0	0	0	0	0	0
831	0.24165	0	0	0	0	0	0	0	0	0	0
832	0.24186	0	0	0	0	0	0	0	0	0	0
833	0.24207	0	0	0	0	0	0	0	0	0	0
834	0.24228	0	0	0	0	0	0	0	0	0	0
835	0.2425	0	0	0	0	0	0	0	0	0	0
836	0.24271	0	0	0	0	0	0	0	0	0	0
837	0.24292	0	0	0	0	0	0	0	0	0	0
838	0.24313	0	0	0	0	0	0	0	0	0	0
839	0.24334	0	0	0	0	0	0	0	0	0	0
840	0.24355	0	0	0	0	0	0	0	0	0	0
841	0.24376	0	0	0	0	0	0	0	0	0	0
842	0.24397	0	0	0	0	0	0	0	0	0	0
843	0.24418	0	0	0	0	0	0	0	0	0	0
844	0.24439	0	0	0	0	0	0	0	0	0	0
845	0.24468	0	0	0	0	0	0	0	0	0	0
846	0.24488	0	0	0	0	0	0	0	0	0	0
847	0.24509	0	0	0	0	0	0	0	0	0	0
848	0.24529	0	0	0	0	0	0	0	0	0	0
849	0.2455	0	0	0	0	0	0	0	0	0	0
850	0.2457	0	0	0	0	0	0	0	0	0	0
851	0.24591	0	0	0	0	0	0	0	0	0	0
852	0.24611	0	0	0	0	0	0	0	0	0	0
853	0.24632	0	0	0	0	0	0	0	0	0	0
854	0.24652	0	0	0	0	0	0	0	0	0	0
855	0.25094	0	0	0	0	0	0	0	0	0	0
856	0.25104	0	0	0	0	0	0	0	0	0	0
857	0.25113	0	0	0	0	0	0	0	0	0	0
858	0.25123	0	0	0	0	0	0	0	0	0	0
859	0.25132	0	0	0	0	0	0	0	0	0	0
860	0.2514	0	0	0	0	0	0	0	0	0	0
861	0.25149	0	0	0	0	0	0	0	0	0	0
862	0.25157	0	0	0	0	0	0	0	0	0	0
863	0.25164	0	0	0	0	0	0	0	0	0	0
864	0.25172	0	0	0	0	0	0	0	0	0	0
865	0.25179	0	0	0	0	0	0	0	0	0	0
866	0.25186	0	0	0	0	0	0	0	0	0	0
867	0.25193	0	0	0	0	0	0	0	0	0	0
868	0.25199	0	0	0	0	0	0	0	0	0	0
869	0.25205	0	0	0	0	0	0	0	0	0	0
870	0.25212	0	0	0	0	0	0	0	0	0	0
871	0.25217	0	0	0	0	0	0	0	0	0	0
872	0.25223	0	0	0	0	0	0	0	0	0	0
873	0.25228	0	0	0	0	0	0	0	0	0	0
873.3	0.2523	0	0	0	0	0	0	0	0	0	0
